The system is: Darwin - 18.0.0 - x86_64
Compiling the C compiler identification source file "CMakeCCompilerId.c" succeeded.
Compiler: /Library/Developer/CommandLineTools/usr/bin/gcc 
Build flags: 
Id flags:  

The output was:
0


Compilation of the C compiler identification source "CMakeCCompilerId.c" produced "a.out"

The C compiler identification is AppleClang, found in "/Users/kseniakorshunova/Documents/PhD_project/gromacs_4.6.5/gromacs-4.6.5/build_0/CMakeFiles/3.14.1/CompilerIdC/a.out"

Determining if the C compiler works passed with the following output:
Change Dir: /Users/kseniakorshunova/Documents/PhD_project/gromacs_4.6.5/gromacs-4.6.5/build_0/CMakeFiles/CMakeTmp

Run Build Command(s):/usr/bin/make cmTC_6f4b2/fast 
/Library/Developer/CommandLineTools/usr/bin/make -f CMakeFiles/cmTC_6f4b2.dir/build.make CMakeFiles/cmTC_6f4b2.dir/build
Building C object CMakeFiles/cmTC_6f4b2.dir/testCCompiler.c.o
/Library/Developer/CommandLineTools/usr/bin/gcc   -isysroot /Library/Developer/CommandLineTools/SDKs/MacOSX10.14.sdk   -o CMakeFiles/cmTC_6f4b2.dir/testCCompiler.c.o   -c /Users/kseniakorshunova/Documents/PhD_project/gromacs_4.6.5/gromacs-4.6.5/build_0/CMakeFiles/CMakeTmp/testCCompiler.c
Linking C executable cmTC_6f4b2
/usr/local/Cellar/cmake/3.14.1/bin/cmake -E cmake_link_script CMakeFiles/cmTC_6f4b2.dir/link.txt --verbose=1
/Library/Developer/CommandLineTools/usr/bin/gcc   -isysroot /Library/Developer/CommandLineTools/SDKs/MacOSX10.14.sdk -Wl,-search_paths_first -Wl,-headerpad_max_install_names   CMakeFiles/cmTC_6f4b2.dir/testCCompiler.c.o  -o cmTC_6f4b2 


Detecting C compiler ABI info compiled with the following output:
Change Dir: /Users/kseniakorshunova/Documents/PhD_project/gromacs_4.6.5/gromacs-4.6.5/build_0/CMakeFiles/CMakeTmp

Run Build Command(s):/usr/bin/make cmTC_8f1c1/fast 
/Library/Developer/CommandLineTools/usr/bin/make -f CMakeFiles/cmTC_8f1c1.dir/build.make CMakeFiles/cmTC_8f1c1.dir/build
Building C object CMakeFiles/cmTC_8f1c1.dir/CMakeCCompilerABI.c.o
/Library/Developer/CommandLineTools/usr/bin/gcc   -isysroot /Library/Developer/CommandLineTools/SDKs/MacOSX10.14.sdk   -v -Wl,-v -o CMakeFiles/cmTC_8f1c1.dir/CMakeCCompilerABI.c.o   -c /usr/local/Cellar/cmake/3.14.1/share/cmake/Modules/CMakeCCompilerABI.c
Apple LLVM version 10.0.1 (clang-1001.0.46.4)
Target: x86_64-apple-darwin18.0.0
Thread model: posix
InstalledDir: /Library/Developer/CommandLineTools/usr/bin
clang: warning: -Wl,-v: 'linker' input unused [-Wunused-command-line-argument]
 "/Library/Developer/CommandLineTools/usr/bin/clang" -cc1 -triple x86_64-apple-macosx10.14.0 -Wdeprecated-objc-isa-usage -Werror=deprecated-objc-isa-usage -emit-obj -mrelax-all -disable-free -disable-llvm-verifier -discard-value-names -main-file-name CMakeCCompilerABI.c -mrelocation-model pic -pic-level 2 -mthread-model posix -mdisable-fp-elim -fno-strict-return -masm-verbose -munwind-tables -target-sdk-version=10.14 -target-cpu penryn -dwarf-column-info -debugger-tuning=lldb -target-linker-version 450.3 -v -coverage-notes-file /Users/kseniakorshunova/Documents/PhD_project/gromacs_4.6.5/gromacs-4.6.5/build_0/CMakeFiles/CMakeTmp/CMakeFiles/cmTC_8f1c1.dir/CMakeCCompilerABI.c.gcno -resource-dir /Library/Developer/CommandLineTools/usr/lib/clang/10.0.1 -isysroot /Library/Developer/CommandLineTools/SDKs/MacOSX10.14.sdk -Wno-atomic-implicit-seq-cst -Wno-framework-include-private-from-public -Wno-atimport-in-framework-header -Wno-quoted-include-in-framework-header -fdebug-compilation-dir /Users/kseniakorshunova/Documents/PhD_project/gromacs_4.6.5/gromacs-4.6.5/build_0/CMakeFiles/CMakeTmp -ferror-limit 19 -fmessage-length 0 -stack-protector 1 -fblocks -fencode-extended-block-signature -fregister-global-dtors-with-atexit -fobjc-runtime=macosx-10.14.0 -fmax-type-align=16 -fdiagnostics-show-option -o CMakeFiles/cmTC_8f1c1.dir/CMakeCCompilerABI.c.o -x c /usr/local/Cellar/cmake/3.14.1/share/cmake/Modules/CMakeCCompilerABI.c
clang -cc1 version 10.0.1 (clang-1001.0.46.4) default target x86_64-apple-darwin18.0.0
ignoring nonexistent directory "/Library/Developer/CommandLineTools/SDKs/MacOSX10.14.sdk/usr/local/include"
ignoring nonexistent directory "/Library/Developer/CommandLineTools/SDKs/MacOSX10.14.sdk/Library/Frameworks"
#include "..." search starts here:
#include <...> search starts here:
 /Library/Developer/CommandLineTools/usr/lib/clang/10.0.1/include
 /Library/Developer/CommandLineTools/usr/include
 /Library/Developer/CommandLineTools/SDKs/MacOSX10.14.sdk/usr/include
 /Library/Developer/CommandLineTools/SDKs/MacOSX10.14.sdk/System/Library/Frameworks (framework directory)
End of search list.
Linking C executable cmTC_8f1c1
/usr/local/Cellar/cmake/3.14.1/bin/cmake -E cmake_link_script CMakeFiles/cmTC_8f1c1.dir/link.txt --verbose=1
/Library/Developer/CommandLineTools/usr/bin/gcc   -isysroot /Library/Developer/CommandLineTools/SDKs/MacOSX10.14.sdk -Wl,-search_paths_first -Wl,-headerpad_max_install_names  -v -Wl,-v CMakeFiles/cmTC_8f1c1.dir/CMakeCCompilerABI.c.o  -o cmTC_8f1c1 
Apple LLVM version 10.0.1 (clang-1001.0.46.4)
Target: x86_64-apple-darwin18.0.0
Thread model: posix
InstalledDir: /Library/Developer/CommandLineTools/usr/bin
 "/Library/Developer/CommandLineTools/usr/bin/ld" -demangle -lto_library /Library/Developer/CommandLineTools/usr/lib/libLTO.dylib -dynamic -arch x86_64 -macosx_version_min 10.14.0 -syslibroot /Library/Developer/CommandLineTools/SDKs/MacOSX10.14.sdk -o cmTC_8f1c1 -search_paths_first -headerpad_max_install_names -v CMakeFiles/cmTC_8f1c1.dir/CMakeCCompilerABI.c.o -lSystem /Library/Developer/CommandLineTools/usr/lib/clang/10.0.1/lib/darwin/libclang_rt.osx.a
@(#)PROGRAM:ld  PROJECT:ld64-450.3
BUILD 18:16:53 Apr  5 2019
configured to support archs: armv6 armv7 armv7s arm64 arm64e arm64_32 i386 x86_64 x86_64h armv6m armv7k armv7m armv7em
Library search paths:
	/Library/Developer/CommandLineTools/SDKs/MacOSX10.14.sdk/usr/lib
Framework search paths:
	/Library/Developer/CommandLineTools/SDKs/MacOSX10.14.sdk/System/Library/Frameworks/


Parsed C implicit include dir info from above output: rv=done
  found start of include info
  found start of implicit include info
    add: [/Library/Developer/CommandLineTools/usr/lib/clang/10.0.1/include]
    add: [/Library/Developer/CommandLineTools/usr/include]
    add: [/Library/Developer/CommandLineTools/SDKs/MacOSX10.14.sdk/usr/include]
  end of search list found
  collapse include dir [/Library/Developer/CommandLineTools/usr/lib/clang/10.0.1/include] ==> [/Library/Developer/CommandLineTools/usr/lib/clang/10.0.1/include]
  collapse include dir [/Library/Developer/CommandLineTools/usr/include] ==> [/Library/Developer/CommandLineTools/usr/include]
  collapse include dir [/Library/Developer/CommandLineTools/SDKs/MacOSX10.14.sdk/usr/include] ==> [/Library/Developer/CommandLineTools/SDKs/MacOSX10.14.sdk/usr/include]
  implicit include dirs: [/Library/Developer/CommandLineTools/usr/lib/clang/10.0.1/include;/Library/Developer/CommandLineTools/usr/include;/Library/Developer/CommandLineTools/SDKs/MacOSX10.14.sdk/usr/include]


Parsed C implicit link information from above output:
  link line regex: [^( *|.*[/\])(ld|CMAKE_LINK_STARTFILE-NOTFOUND|([^/\]+-)?ld|collect2)[^/\]*( |$)]
  ignore line: [Change Dir: /Users/kseniakorshunova/Documents/PhD_project/gromacs_4.6.5/gromacs-4.6.5/build_0/CMakeFiles/CMakeTmp]
  ignore line: []
  ignore line: [Run Build Command(s):/usr/bin/make cmTC_8f1c1/fast ]
  ignore line: [/Library/Developer/CommandLineTools/usr/bin/make -f CMakeFiles/cmTC_8f1c1.dir/build.make CMakeFiles/cmTC_8f1c1.dir/build]
  ignore line: [Building C object CMakeFiles/cmTC_8f1c1.dir/CMakeCCompilerABI.c.o]
  ignore line: [/Library/Developer/CommandLineTools/usr/bin/gcc   -isysroot /Library/Developer/CommandLineTools/SDKs/MacOSX10.14.sdk   -v -Wl,-v -o CMakeFiles/cmTC_8f1c1.dir/CMakeCCompilerABI.c.o   -c /usr/local/Cellar/cmake/3.14.1/share/cmake/Modules/CMakeCCompilerABI.c]
  ignore line: [Apple LLVM version 10.0.1 (clang-1001.0.46.4)]
  ignore line: [Target: x86_64-apple-darwin18.0.0]
  ignore line: [Thread model: posix]
  ignore line: [InstalledDir: /Library/Developer/CommandLineTools/usr/bin]
  ignore line: [clang: warning: -Wl,-v: 'linker' input unused [-Wunused-command-line-argument]]
  ignore line: [ "/Library/Developer/CommandLineTools/usr/bin/clang" -cc1 -triple x86_64-apple-macosx10.14.0 -Wdeprecated-objc-isa-usage -Werror=deprecated-objc-isa-usage -emit-obj -mrelax-all -disable-free -disable-llvm-verifier -discard-value-names -main-file-name CMakeCCompilerABI.c -mrelocation-model pic -pic-level 2 -mthread-model posix -mdisable-fp-elim -fno-strict-return -masm-verbose -munwind-tables -target-sdk-version=10.14 -target-cpu penryn -dwarf-column-info -debugger-tuning=lldb -target-linker-version 450.3 -v -coverage-notes-file /Users/kseniakorshunova/Documents/PhD_project/gromacs_4.6.5/gromacs-4.6.5/build_0/CMakeFiles/CMakeTmp/CMakeFiles/cmTC_8f1c1.dir/CMakeCCompilerABI.c.gcno -resource-dir /Library/Developer/CommandLineTools/usr/lib/clang/10.0.1 -isysroot /Library/Developer/CommandLineTools/SDKs/MacOSX10.14.sdk -Wno-atomic-implicit-seq-cst -Wno-framework-include-private-from-public -Wno-atimport-in-framework-header -Wno-quoted-include-in-framework-header -fdebug-compilation-dir /Users/kseniakorshunova/Documents/PhD_project/gromacs_4.6.5/gromacs-4.6.5/build_0/CMakeFiles/CMakeTmp -ferror-limit 19 -fmessage-length 0 -stack-protector 1 -fblocks -fencode-extended-block-signature -fregister-global-dtors-with-atexit -fobjc-runtime=macosx-10.14.0 -fmax-type-align=16 -fdiagnostics-show-option -o CMakeFiles/cmTC_8f1c1.dir/CMakeCCompilerABI.c.o -x c /usr/local/Cellar/cmake/3.14.1/share/cmake/Modules/CMakeCCompilerABI.c]
  ignore line: [clang -cc1 version 10.0.1 (clang-1001.0.46.4) default target x86_64-apple-darwin18.0.0]
  ignore line: [ignoring nonexistent directory "/Library/Developer/CommandLineTools/SDKs/MacOSX10.14.sdk/usr/local/include"]
  ignore line: [ignoring nonexistent directory "/Library/Developer/CommandLineTools/SDKs/MacOSX10.14.sdk/Library/Frameworks"]
  ignore line: [#include "..." search starts here:]
  ignore line: [#include <...> search starts here:]
  ignore line: [ /Library/Developer/CommandLineTools/usr/lib/clang/10.0.1/include]
  ignore line: [ /Library/Developer/CommandLineTools/usr/include]
  ignore line: [ /Library/Developer/CommandLineTools/SDKs/MacOSX10.14.sdk/usr/include]
  ignore line: [ /Library/Developer/CommandLineTools/SDKs/MacOSX10.14.sdk/System/Library/Frameworks (framework directory)]
  ignore line: [End of search list.]
  ignore line: [Linking C executable cmTC_8f1c1]
  ignore line: [/usr/local/Cellar/cmake/3.14.1/bin/cmake -E cmake_link_script CMakeFiles/cmTC_8f1c1.dir/link.txt --verbose=1]
  ignore line: [/Library/Developer/CommandLineTools/usr/bin/gcc   -isysroot /Library/Developer/CommandLineTools/SDKs/MacOSX10.14.sdk -Wl,-search_paths_first -Wl,-headerpad_max_install_names  -v -Wl,-v CMakeFiles/cmTC_8f1c1.dir/CMakeCCompilerABI.c.o  -o cmTC_8f1c1 ]
  ignore line: [Apple LLVM version 10.0.1 (clang-1001.0.46.4)]
  ignore line: [Target: x86_64-apple-darwin18.0.0]
  ignore line: [Thread model: posix]
  ignore line: [InstalledDir: /Library/Developer/CommandLineTools/usr/bin]
  link line: [ "/Library/Developer/CommandLineTools/usr/bin/ld" -demangle -lto_library /Library/Developer/CommandLineTools/usr/lib/libLTO.dylib -dynamic -arch x86_64 -macosx_version_min 10.14.0 -syslibroot /Library/Developer/CommandLineTools/SDKs/MacOSX10.14.sdk -o cmTC_8f1c1 -search_paths_first -headerpad_max_install_names -v CMakeFiles/cmTC_8f1c1.dir/CMakeCCompilerABI.c.o -lSystem /Library/Developer/CommandLineTools/usr/lib/clang/10.0.1/lib/darwin/libclang_rt.osx.a]
    arg [/Library/Developer/CommandLineTools/usr/bin/ld] ==> ignore
    arg [-demangle] ==> ignore
    arg [-lto_library] ==> ignore, skip following value
    arg [/Library/Developer/CommandLineTools/usr/lib/libLTO.dylib] ==> skip value of -lto_library
    arg [-dynamic] ==> ignore
    arg [-arch] ==> ignore
    arg [x86_64] ==> ignore
    arg [-macosx_version_min] ==> ignore
    arg [10.14.0] ==> ignore
    arg [-syslibroot] ==> ignore
    arg [/Library/Developer/CommandLineTools/SDKs/MacOSX10.14.sdk] ==> ignore
    arg [-o] ==> ignore
    arg [cmTC_8f1c1] ==> ignore
    arg [-search_paths_first] ==> ignore
    arg [-headerpad_max_install_names] ==> ignore
    arg [-v] ==> ignore
    arg [CMakeFiles/cmTC_8f1c1.dir/CMakeCCompilerABI.c.o] ==> ignore
    arg [-lSystem] ==> lib [System]
    arg [/Library/Developer/CommandLineTools/usr/lib/clang/10.0.1/lib/darwin/libclang_rt.osx.a] ==> lib [/Library/Developer/CommandLineTools/usr/lib/clang/10.0.1/lib/darwin/libclang_rt.osx.a]
  Library search paths: [;/Library/Developer/CommandLineTools/SDKs/MacOSX10.14.sdk/usr/lib]
  Framework search paths: [;/Library/Developer/CommandLineTools/SDKs/MacOSX10.14.sdk/System/Library/Frameworks/]
  remove lib [System]
  remove lib [/Library/Developer/CommandLineTools/usr/lib/clang/10.0.1/lib/darwin/libclang_rt.osx.a]
  collapse library dir [/Library/Developer/CommandLineTools/SDKs/MacOSX10.14.sdk/usr/lib] ==> [/Library/Developer/CommandLineTools/SDKs/MacOSX10.14.sdk/usr/lib]
  collapse framework dir [/Library/Developer/CommandLineTools/SDKs/MacOSX10.14.sdk/System/Library/Frameworks/] ==> [/Library/Developer/CommandLineTools/SDKs/MacOSX10.14.sdk/System/Library/Frameworks]
  implicit libs: []
  implicit dirs: [/Library/Developer/CommandLineTools/SDKs/MacOSX10.14.sdk/usr/lib]
  implicit fwks: [/Library/Developer/CommandLineTools/SDKs/MacOSX10.14.sdk/System/Library/Frameworks]




Detecting C [-std=c11] compiler features compiled with the following output:
Change Dir: /Users/kseniakorshunova/Documents/PhD_project/gromacs_4.6.5/gromacs-4.6.5/build_0/CMakeFiles/CMakeTmp

Run Build Command(s):/usr/bin/make cmTC_b373d/fast 
/Library/Developer/CommandLineTools/usr/bin/make -f CMakeFiles/cmTC_b373d.dir/build.make CMakeFiles/cmTC_b373d.dir/build
Building C object CMakeFiles/cmTC_b373d.dir/feature_tests.c.o
/Library/Developer/CommandLineTools/usr/bin/gcc   -isysroot /Library/Developer/CommandLineTools/SDKs/MacOSX10.14.sdk   -std=c11 -o CMakeFiles/cmTC_b373d.dir/feature_tests.c.o   -c /Users/kseniakorshunova/Documents/PhD_project/gromacs_4.6.5/gromacs-4.6.5/build_0/CMakeFiles/feature_tests.c
Linking C executable cmTC_b373d
/usr/local/Cellar/cmake/3.14.1/bin/cmake -E cmake_link_script CMakeFiles/cmTC_b373d.dir/link.txt --verbose=1
/Library/Developer/CommandLineTools/usr/bin/gcc   -isysroot /Library/Developer/CommandLineTools/SDKs/MacOSX10.14.sdk -Wl,-search_paths_first -Wl,-headerpad_max_install_names   CMakeFiles/cmTC_b373d.dir/feature_tests.c.o  -o cmTC_b373d 


    Feature record: C_FEATURE:1c_function_prototypes
    Feature record: C_FEATURE:1c_restrict
    Feature record: C_FEATURE:1c_static_assert
    Feature record: C_FEATURE:1c_variadic_macros


Detecting C [-std=c99] compiler features compiled with the following output:
Change Dir: /Users/kseniakorshunova/Documents/PhD_project/gromacs_4.6.5/gromacs-4.6.5/build_0/CMakeFiles/CMakeTmp

Run Build Command(s):/usr/bin/make cmTC_d818d/fast 
/Library/Developer/CommandLineTools/usr/bin/make -f CMakeFiles/cmTC_d818d.dir/build.make CMakeFiles/cmTC_d818d.dir/build
Building C object CMakeFiles/cmTC_d818d.dir/feature_tests.c.o
/Library/Developer/CommandLineTools/usr/bin/gcc   -isysroot /Library/Developer/CommandLineTools/SDKs/MacOSX10.14.sdk   -std=c99 -o CMakeFiles/cmTC_d818d.dir/feature_tests.c.o   -c /Users/kseniakorshunova/Documents/PhD_project/gromacs_4.6.5/gromacs-4.6.5/build_0/CMakeFiles/feature_tests.c
Linking C executable cmTC_d818d
/usr/local/Cellar/cmake/3.14.1/bin/cmake -E cmake_link_script CMakeFiles/cmTC_d818d.dir/link.txt --verbose=1
/Library/Developer/CommandLineTools/usr/bin/gcc   -isysroot /Library/Developer/CommandLineTools/SDKs/MacOSX10.14.sdk -Wl,-search_paths_first -Wl,-headerpad_max_install_names   CMakeFiles/cmTC_d818d.dir/feature_tests.c.o  -o cmTC_d818d 


    Feature record: C_FEATURE:1c_function_prototypes
    Feature record: C_FEATURE:1c_restrict
    Feature record: C_FEATURE:0c_static_assert
    Feature record: C_FEATURE:1c_variadic_macros


Detecting C [-std=c90] compiler features compiled with the following output:
Change Dir: /Users/kseniakorshunova/Documents/PhD_project/gromacs_4.6.5/gromacs-4.6.5/build_0/CMakeFiles/CMakeTmp

Run Build Command(s):/usr/bin/make cmTC_4f577/fast 
/Library/Developer/CommandLineTools/usr/bin/make -f CMakeFiles/cmTC_4f577.dir/build.make CMakeFiles/cmTC_4f577.dir/build
Building C object CMakeFiles/cmTC_4f577.dir/feature_tests.c.o
/Library/Developer/CommandLineTools/usr/bin/gcc   -isysroot /Library/Developer/CommandLineTools/SDKs/MacOSX10.14.sdk   -std=c90 -o CMakeFiles/cmTC_4f577.dir/feature_tests.c.o   -c /Users/kseniakorshunova/Documents/PhD_project/gromacs_4.6.5/gromacs-4.6.5/build_0/CMakeFiles/feature_tests.c
Linking C executable cmTC_4f577
/usr/local/Cellar/cmake/3.14.1/bin/cmake -E cmake_link_script CMakeFiles/cmTC_4f577.dir/link.txt --verbose=1
/Library/Developer/CommandLineTools/usr/bin/gcc   -isysroot /Library/Developer/CommandLineTools/SDKs/MacOSX10.14.sdk -Wl,-search_paths_first -Wl,-headerpad_max_install_names   CMakeFiles/cmTC_4f577.dir/feature_tests.c.o  -o cmTC_4f577 


    Feature record: C_FEATURE:1c_function_prototypes
    Feature record: C_FEATURE:0c_restrict
    Feature record: C_FEATURE:0c_static_assert
    Feature record: C_FEATURE:0c_variadic_macros
Performing C SOURCE FILE Test CFLAGS_PRAGMA succeeded with the following output:
Change Dir: /Users/kseniakorshunova/Documents/PhD_project/gromacs_4.6.5/gromacs-4.6.5/build_0/CMakeFiles/CMakeTmp

Run Build Command(s):/usr/bin/make cmTC_8f3c3/fast 
/Library/Developer/CommandLineTools/usr/bin/make -f CMakeFiles/cmTC_8f3c3.dir/build.make CMakeFiles/cmTC_8f3c3.dir/build
Building C object CMakeFiles/cmTC_8f3c3.dir/src.c.o
/Library/Developer/CommandLineTools/usr/bin/gcc   -DCFLAGS_PRAGMA -isysroot /Library/Developer/CommandLineTools/SDKs/MacOSX10.14.sdk   -Wno-unknown-pragmas -o CMakeFiles/cmTC_8f3c3.dir/src.c.o   -c /Users/kseniakorshunova/Documents/PhD_project/gromacs_4.6.5/gromacs-4.6.5/build_0/CMakeFiles/CMakeTmp/src.c
Linking C executable cmTC_8f3c3
/usr/local/Cellar/cmake/3.14.1/bin/cmake -E cmake_link_script CMakeFiles/cmTC_8f3c3.dir/link.txt --verbose=1
/Library/Developer/CommandLineTools/usr/bin/gcc  -DCFLAGS_PRAGMA -isysroot /Library/Developer/CommandLineTools/SDKs/MacOSX10.14.sdk -Wl,-search_paths_first -Wl,-headerpad_max_install_names   CMakeFiles/cmTC_8f3c3.dir/src.c.o  -o cmTC_8f3c3 

Source file was:
int main(void) { return 0; }
Performing C SOURCE FILE Test CFLAGS_WARN succeeded with the following output:
Change Dir: /Users/kseniakorshunova/Documents/PhD_project/gromacs_4.6.5/gromacs-4.6.5/build_0/CMakeFiles/CMakeTmp

Run Build Command(s):/usr/bin/make cmTC_279e7/fast 
/Library/Developer/CommandLineTools/usr/bin/make -f CMakeFiles/cmTC_279e7.dir/build.make CMakeFiles/cmTC_279e7.dir/build
Building C object CMakeFiles/cmTC_279e7.dir/src.c.o
/Library/Developer/CommandLineTools/usr/bin/gcc   -DCFLAGS_WARN -isysroot /Library/Developer/CommandLineTools/SDKs/MacOSX10.14.sdk   -Wall -Wno-unused -Wunused-value -o CMakeFiles/cmTC_279e7.dir/src.c.o   -c /Users/kseniakorshunova/Documents/PhD_project/gromacs_4.6.5/gromacs-4.6.5/build_0/CMakeFiles/CMakeTmp/src.c
Linking C executable cmTC_279e7
/usr/local/Cellar/cmake/3.14.1/bin/cmake -E cmake_link_script CMakeFiles/cmTC_279e7.dir/link.txt --verbose=1
/Library/Developer/CommandLineTools/usr/bin/gcc  -DCFLAGS_WARN -isysroot /Library/Developer/CommandLineTools/SDKs/MacOSX10.14.sdk -Wl,-search_paths_first -Wl,-headerpad_max_install_names   CMakeFiles/cmTC_279e7.dir/src.c.o  -o cmTC_279e7 

Source file was:
int main(void) { return 0; }
Determining if files string.h exist passed with the following output:
Change Dir: /Users/kseniakorshunova/Documents/PhD_project/gromacs_4.6.5/gromacs-4.6.5/build_0/CMakeFiles/CMakeTmp

Run Build Command(s):/usr/bin/make cmTC_d4113/fast 
/Library/Developer/CommandLineTools/usr/bin/make -f CMakeFiles/cmTC_d4113.dir/build.make CMakeFiles/cmTC_d4113.dir/build
Building C object CMakeFiles/cmTC_d4113.dir/HAVE_STRING_H.c.o
/Library/Developer/CommandLineTools/usr/bin/gcc   -Wall -Wno-unused -Wunused-value -Wno-unknown-pragmas    -isysroot /Library/Developer/CommandLineTools/SDKs/MacOSX10.14.sdk   -o CMakeFiles/cmTC_d4113.dir/HAVE_STRING_H.c.o   -c /Users/kseniakorshunova/Documents/PhD_project/gromacs_4.6.5/gromacs-4.6.5/build_0/CMakeFiles/CheckIncludeFiles/HAVE_STRING_H.c
Linking C executable cmTC_d4113
/usr/local/Cellar/cmake/3.14.1/bin/cmake -E cmake_link_script CMakeFiles/cmTC_d4113.dir/link.txt --verbose=1
/Library/Developer/CommandLineTools/usr/bin/gcc -Wall -Wno-unused -Wunused-value -Wno-unknown-pragmas    -isysroot /Library/Developer/CommandLineTools/SDKs/MacOSX10.14.sdk -Wl,-search_paths_first -Wl,-headerpad_max_install_names   CMakeFiles/cmTC_d4113.dir/HAVE_STRING_H.c.o  -o cmTC_d4113 


Determining if files math.h exist passed with the following output:
Change Dir: /Users/kseniakorshunova/Documents/PhD_project/gromacs_4.6.5/gromacs-4.6.5/build_0/CMakeFiles/CMakeTmp

Run Build Command(s):/usr/bin/make cmTC_d33f4/fast 
/Library/Developer/CommandLineTools/usr/bin/make -f CMakeFiles/cmTC_d33f4.dir/build.make CMakeFiles/cmTC_d33f4.dir/build
Building C object CMakeFiles/cmTC_d33f4.dir/HAVE_MATH_H.c.o
/Library/Developer/CommandLineTools/usr/bin/gcc   -Wall -Wno-unused -Wunused-value -Wno-unknown-pragmas    -isysroot /Library/Developer/CommandLineTools/SDKs/MacOSX10.14.sdk   -o CMakeFiles/cmTC_d33f4.dir/HAVE_MATH_H.c.o   -c /Users/kseniakorshunova/Documents/PhD_project/gromacs_4.6.5/gromacs-4.6.5/build_0/CMakeFiles/CheckIncludeFiles/HAVE_MATH_H.c
Linking C executable cmTC_d33f4
/usr/local/Cellar/cmake/3.14.1/bin/cmake -E cmake_link_script CMakeFiles/cmTC_d33f4.dir/link.txt --verbose=1
/Library/Developer/CommandLineTools/usr/bin/gcc -Wall -Wno-unused -Wunused-value -Wno-unknown-pragmas    -isysroot /Library/Developer/CommandLineTools/SDKs/MacOSX10.14.sdk -Wl,-search_paths_first -Wl,-headerpad_max_install_names   CMakeFiles/cmTC_d33f4.dir/HAVE_MATH_H.c.o  -o cmTC_d33f4 


Determining if files limits.h exist passed with the following output:
Change Dir: /Users/kseniakorshunova/Documents/PhD_project/gromacs_4.6.5/gromacs-4.6.5/build_0/CMakeFiles/CMakeTmp

Run Build Command(s):/usr/bin/make cmTC_ec09f/fast 
/Library/Developer/CommandLineTools/usr/bin/make -f CMakeFiles/cmTC_ec09f.dir/build.make CMakeFiles/cmTC_ec09f.dir/build
Building C object CMakeFiles/cmTC_ec09f.dir/HAVE_LIMITS_H.c.o
/Library/Developer/CommandLineTools/usr/bin/gcc   -Wall -Wno-unused -Wunused-value -Wno-unknown-pragmas    -isysroot /Library/Developer/CommandLineTools/SDKs/MacOSX10.14.sdk   -o CMakeFiles/cmTC_ec09f.dir/HAVE_LIMITS_H.c.o   -c /Users/kseniakorshunova/Documents/PhD_project/gromacs_4.6.5/gromacs-4.6.5/build_0/CMakeFiles/CheckIncludeFiles/HAVE_LIMITS_H.c
Linking C executable cmTC_ec09f
/usr/local/Cellar/cmake/3.14.1/bin/cmake -E cmake_link_script CMakeFiles/cmTC_ec09f.dir/link.txt --verbose=1
/Library/Developer/CommandLineTools/usr/bin/gcc -Wall -Wno-unused -Wunused-value -Wno-unknown-pragmas    -isysroot /Library/Developer/CommandLineTools/SDKs/MacOSX10.14.sdk -Wl,-search_paths_first -Wl,-headerpad_max_install_names   CMakeFiles/cmTC_ec09f.dir/HAVE_LIMITS_H.c.o  -o cmTC_ec09f 


Determining if files memory.h exist passed with the following output:
Change Dir: /Users/kseniakorshunova/Documents/PhD_project/gromacs_4.6.5/gromacs-4.6.5/build_0/CMakeFiles/CMakeTmp

Run Build Command(s):/usr/bin/make cmTC_ca55e/fast 
/Library/Developer/CommandLineTools/usr/bin/make -f CMakeFiles/cmTC_ca55e.dir/build.make CMakeFiles/cmTC_ca55e.dir/build
Building C object CMakeFiles/cmTC_ca55e.dir/HAVE_MEMORY_H.c.o
/Library/Developer/CommandLineTools/usr/bin/gcc   -Wall -Wno-unused -Wunused-value -Wno-unknown-pragmas    -isysroot /Library/Developer/CommandLineTools/SDKs/MacOSX10.14.sdk   -o CMakeFiles/cmTC_ca55e.dir/HAVE_MEMORY_H.c.o   -c /Users/kseniakorshunova/Documents/PhD_project/gromacs_4.6.5/gromacs-4.6.5/build_0/CMakeFiles/CheckIncludeFiles/HAVE_MEMORY_H.c
Linking C executable cmTC_ca55e
/usr/local/Cellar/cmake/3.14.1/bin/cmake -E cmake_link_script CMakeFiles/cmTC_ca55e.dir/link.txt --verbose=1
/Library/Developer/CommandLineTools/usr/bin/gcc -Wall -Wno-unused -Wunused-value -Wno-unknown-pragmas    -isysroot /Library/Developer/CommandLineTools/SDKs/MacOSX10.14.sdk -Wl,-search_paths_first -Wl,-headerpad_max_install_names   CMakeFiles/cmTC_ca55e.dir/HAVE_MEMORY_H.c.o  -o cmTC_ca55e 


Determining if files unistd.h exist passed with the following output:
Change Dir: /Users/kseniakorshunova/Documents/PhD_project/gromacs_4.6.5/gromacs-4.6.5/build_0/CMakeFiles/CMakeTmp

Run Build Command(s):/usr/bin/make cmTC_370ee/fast 
/Library/Developer/CommandLineTools/usr/bin/make -f CMakeFiles/cmTC_370ee.dir/build.make CMakeFiles/cmTC_370ee.dir/build
Building C object CMakeFiles/cmTC_370ee.dir/HAVE_UNISTD_H.c.o
/Library/Developer/CommandLineTools/usr/bin/gcc   -Wall -Wno-unused -Wunused-value -Wno-unknown-pragmas    -isysroot /Library/Developer/CommandLineTools/SDKs/MacOSX10.14.sdk   -o CMakeFiles/cmTC_370ee.dir/HAVE_UNISTD_H.c.o   -c /Users/kseniakorshunova/Documents/PhD_project/gromacs_4.6.5/gromacs-4.6.5/build_0/CMakeFiles/CheckIncludeFiles/HAVE_UNISTD_H.c
Linking C executable cmTC_370ee
/usr/local/Cellar/cmake/3.14.1/bin/cmake -E cmake_link_script CMakeFiles/cmTC_370ee.dir/link.txt --verbose=1
/Library/Developer/CommandLineTools/usr/bin/gcc -Wall -Wno-unused -Wunused-value -Wno-unknown-pragmas    -isysroot /Library/Developer/CommandLineTools/SDKs/MacOSX10.14.sdk -Wl,-search_paths_first -Wl,-headerpad_max_install_names   CMakeFiles/cmTC_370ee.dir/HAVE_UNISTD_H.c.o  -o cmTC_370ee 


Determining if files pwd.h exist passed with the following output:
Change Dir: /Users/kseniakorshunova/Documents/PhD_project/gromacs_4.6.5/gromacs-4.6.5/build_0/CMakeFiles/CMakeTmp

Run Build Command(s):/usr/bin/make cmTC_84f97/fast 
/Library/Developer/CommandLineTools/usr/bin/make -f CMakeFiles/cmTC_84f97.dir/build.make CMakeFiles/cmTC_84f97.dir/build
Building C object CMakeFiles/cmTC_84f97.dir/HAVE_PWD_H.c.o
/Library/Developer/CommandLineTools/usr/bin/gcc   -Wall -Wno-unused -Wunused-value -Wno-unknown-pragmas    -isysroot /Library/Developer/CommandLineTools/SDKs/MacOSX10.14.sdk   -o CMakeFiles/cmTC_84f97.dir/HAVE_PWD_H.c.o   -c /Users/kseniakorshunova/Documents/PhD_project/gromacs_4.6.5/gromacs-4.6.5/build_0/CMakeFiles/CheckIncludeFiles/HAVE_PWD_H.c
Linking C executable cmTC_84f97
/usr/local/Cellar/cmake/3.14.1/bin/cmake -E cmake_link_script CMakeFiles/cmTC_84f97.dir/link.txt --verbose=1
/Library/Developer/CommandLineTools/usr/bin/gcc -Wall -Wno-unused -Wunused-value -Wno-unknown-pragmas    -isysroot /Library/Developer/CommandLineTools/SDKs/MacOSX10.14.sdk -Wl,-search_paths_first -Wl,-headerpad_max_install_names   CMakeFiles/cmTC_84f97.dir/HAVE_PWD_H.c.o  -o cmTC_84f97 


Determining if files stdint.h exist passed with the following output:
Change Dir: /Users/kseniakorshunova/Documents/PhD_project/gromacs_4.6.5/gromacs-4.6.5/build_0/CMakeFiles/CMakeTmp

Run Build Command(s):/usr/bin/make cmTC_fa499/fast 
/Library/Developer/CommandLineTools/usr/bin/make -f CMakeFiles/cmTC_fa499.dir/build.make CMakeFiles/cmTC_fa499.dir/build
Building C object CMakeFiles/cmTC_fa499.dir/HAVE_STDINT_H.c.o
/Library/Developer/CommandLineTools/usr/bin/gcc   -Wall -Wno-unused -Wunused-value -Wno-unknown-pragmas    -isysroot /Library/Developer/CommandLineTools/SDKs/MacOSX10.14.sdk   -o CMakeFiles/cmTC_fa499.dir/HAVE_STDINT_H.c.o   -c /Users/kseniakorshunova/Documents/PhD_project/gromacs_4.6.5/gromacs-4.6.5/build_0/CMakeFiles/CheckIncludeFiles/HAVE_STDINT_H.c
Linking C executable cmTC_fa499
/usr/local/Cellar/cmake/3.14.1/bin/cmake -E cmake_link_script CMakeFiles/cmTC_fa499.dir/link.txt --verbose=1
/Library/Developer/CommandLineTools/usr/bin/gcc -Wall -Wno-unused -Wunused-value -Wno-unknown-pragmas    -isysroot /Library/Developer/CommandLineTools/SDKs/MacOSX10.14.sdk -Wl,-search_paths_first -Wl,-headerpad_max_install_names   CMakeFiles/cmTC_fa499.dir/HAVE_STDINT_H.c.o  -o cmTC_fa499 


Determining if files stdlib.h exist passed with the following output:
Change Dir: /Users/kseniakorshunova/Documents/PhD_project/gromacs_4.6.5/gromacs-4.6.5/build_0/CMakeFiles/CMakeTmp

Run Build Command(s):/usr/bin/make cmTC_0d272/fast 
/Library/Developer/CommandLineTools/usr/bin/make -f CMakeFiles/cmTC_0d272.dir/build.make CMakeFiles/cmTC_0d272.dir/build
Building C object CMakeFiles/cmTC_0d272.dir/HAVE_STDLIB_H.c.o
/Library/Developer/CommandLineTools/usr/bin/gcc   -Wall -Wno-unused -Wunused-value -Wno-unknown-pragmas    -isysroot /Library/Developer/CommandLineTools/SDKs/MacOSX10.14.sdk   -o CMakeFiles/cmTC_0d272.dir/HAVE_STDLIB_H.c.o   -c /Users/kseniakorshunova/Documents/PhD_project/gromacs_4.6.5/gromacs-4.6.5/build_0/CMakeFiles/CheckIncludeFiles/HAVE_STDLIB_H.c
Linking C executable cmTC_0d272
/usr/local/Cellar/cmake/3.14.1/bin/cmake -E cmake_link_script CMakeFiles/cmTC_0d272.dir/link.txt --verbose=1
/Library/Developer/CommandLineTools/usr/bin/gcc -Wall -Wno-unused -Wunused-value -Wno-unknown-pragmas    -isysroot /Library/Developer/CommandLineTools/SDKs/MacOSX10.14.sdk -Wl,-search_paths_first -Wl,-headerpad_max_install_names   CMakeFiles/cmTC_0d272.dir/HAVE_STDLIB_H.c.o  -o cmTC_0d272 


Determining if files pthread.h exist passed with the following output:
Change Dir: /Users/kseniakorshunova/Documents/PhD_project/gromacs_4.6.5/gromacs-4.6.5/build_0/CMakeFiles/CMakeTmp

Run Build Command(s):/usr/bin/make cmTC_bb1b4/fast 
/Library/Developer/CommandLineTools/usr/bin/make -f CMakeFiles/cmTC_bb1b4.dir/build.make CMakeFiles/cmTC_bb1b4.dir/build
Building C object CMakeFiles/cmTC_bb1b4.dir/HAVE_PTHREAD_H.c.o
/Library/Developer/CommandLineTools/usr/bin/gcc   -Wall -Wno-unused -Wunused-value -Wno-unknown-pragmas    -isysroot /Library/Developer/CommandLineTools/SDKs/MacOSX10.14.sdk   -o CMakeFiles/cmTC_bb1b4.dir/HAVE_PTHREAD_H.c.o   -c /Users/kseniakorshunova/Documents/PhD_project/gromacs_4.6.5/gromacs-4.6.5/build_0/CMakeFiles/CheckIncludeFiles/HAVE_PTHREAD_H.c
Linking C executable cmTC_bb1b4
/usr/local/Cellar/cmake/3.14.1/bin/cmake -E cmake_link_script CMakeFiles/cmTC_bb1b4.dir/link.txt --verbose=1
/Library/Developer/CommandLineTools/usr/bin/gcc -Wall -Wno-unused -Wunused-value -Wno-unknown-pragmas    -isysroot /Library/Developer/CommandLineTools/SDKs/MacOSX10.14.sdk -Wl,-search_paths_first -Wl,-headerpad_max_install_names   CMakeFiles/cmTC_bb1b4.dir/HAVE_PTHREAD_H.c.o  -o cmTC_bb1b4 


Determining if files dirent.h exist passed with the following output:
Change Dir: /Users/kseniakorshunova/Documents/PhD_project/gromacs_4.6.5/gromacs-4.6.5/build_0/CMakeFiles/CMakeTmp

Run Build Command(s):/usr/bin/make cmTC_41e12/fast 
/Library/Developer/CommandLineTools/usr/bin/make -f CMakeFiles/cmTC_41e12.dir/build.make CMakeFiles/cmTC_41e12.dir/build
Building C object CMakeFiles/cmTC_41e12.dir/HAVE_DIRENT_H.c.o
/Library/Developer/CommandLineTools/usr/bin/gcc   -Wall -Wno-unused -Wunused-value -Wno-unknown-pragmas    -isysroot /Library/Developer/CommandLineTools/SDKs/MacOSX10.14.sdk   -o CMakeFiles/cmTC_41e12.dir/HAVE_DIRENT_H.c.o   -c /Users/kseniakorshunova/Documents/PhD_project/gromacs_4.6.5/gromacs-4.6.5/build_0/CMakeFiles/CheckIncludeFiles/HAVE_DIRENT_H.c
Linking C executable cmTC_41e12
/usr/local/Cellar/cmake/3.14.1/bin/cmake -E cmake_link_script CMakeFiles/cmTC_41e12.dir/link.txt --verbose=1
/Library/Developer/CommandLineTools/usr/bin/gcc -Wall -Wno-unused -Wunused-value -Wno-unknown-pragmas    -isysroot /Library/Developer/CommandLineTools/SDKs/MacOSX10.14.sdk -Wl,-search_paths_first -Wl,-headerpad_max_install_names   CMakeFiles/cmTC_41e12.dir/HAVE_DIRENT_H.c.o  -o cmTC_41e12 


Determining if files inttypes.h exist passed with the following output:
Change Dir: /Users/kseniakorshunova/Documents/PhD_project/gromacs_4.6.5/gromacs-4.6.5/build_0/CMakeFiles/CMakeTmp

Run Build Command(s):/usr/bin/make cmTC_f9861/fast 
/Library/Developer/CommandLineTools/usr/bin/make -f CMakeFiles/cmTC_f9861.dir/build.make CMakeFiles/cmTC_f9861.dir/build
Building C object CMakeFiles/cmTC_f9861.dir/HAVE_INTTYPES_H.c.o
/Library/Developer/CommandLineTools/usr/bin/gcc   -Wall -Wno-unused -Wunused-value -Wno-unknown-pragmas    -isysroot /Library/Developer/CommandLineTools/SDKs/MacOSX10.14.sdk   -o CMakeFiles/cmTC_f9861.dir/HAVE_INTTYPES_H.c.o   -c /Users/kseniakorshunova/Documents/PhD_project/gromacs_4.6.5/gromacs-4.6.5/build_0/CMakeFiles/CheckIncludeFiles/HAVE_INTTYPES_H.c
Linking C executable cmTC_f9861
/usr/local/Cellar/cmake/3.14.1/bin/cmake -E cmake_link_script CMakeFiles/cmTC_f9861.dir/link.txt --verbose=1
/Library/Developer/CommandLineTools/usr/bin/gcc -Wall -Wno-unused -Wunused-value -Wno-unknown-pragmas    -isysroot /Library/Developer/CommandLineTools/SDKs/MacOSX10.14.sdk -Wl,-search_paths_first -Wl,-headerpad_max_install_names   CMakeFiles/cmTC_f9861.dir/HAVE_INTTYPES_H.c.o  -o cmTC_f9861 


Determining if files regex.h exist passed with the following output:
Change Dir: /Users/kseniakorshunova/Documents/PhD_project/gromacs_4.6.5/gromacs-4.6.5/build_0/CMakeFiles/CMakeTmp

Run Build Command(s):/usr/bin/make cmTC_ba17b/fast 
/Library/Developer/CommandLineTools/usr/bin/make -f CMakeFiles/cmTC_ba17b.dir/build.make CMakeFiles/cmTC_ba17b.dir/build
Building C object CMakeFiles/cmTC_ba17b.dir/HAVE_REGEX_H.c.o
/Library/Developer/CommandLineTools/usr/bin/gcc   -Wall -Wno-unused -Wunused-value -Wno-unknown-pragmas    -isysroot /Library/Developer/CommandLineTools/SDKs/MacOSX10.14.sdk   -o CMakeFiles/cmTC_ba17b.dir/HAVE_REGEX_H.c.o   -c /Users/kseniakorshunova/Documents/PhD_project/gromacs_4.6.5/gromacs-4.6.5/build_0/CMakeFiles/CheckIncludeFiles/HAVE_REGEX_H.c
Linking C executable cmTC_ba17b
/usr/local/Cellar/cmake/3.14.1/bin/cmake -E cmake_link_script CMakeFiles/cmTC_ba17b.dir/link.txt --verbose=1
/Library/Developer/CommandLineTools/usr/bin/gcc -Wall -Wno-unused -Wunused-value -Wno-unknown-pragmas    -isysroot /Library/Developer/CommandLineTools/SDKs/MacOSX10.14.sdk -Wl,-search_paths_first -Wl,-headerpad_max_install_names   CMakeFiles/cmTC_ba17b.dir/HAVE_REGEX_H.c.o  -o cmTC_ba17b 


Determining if files sys/types.h exist passed with the following output:
Change Dir: /Users/kseniakorshunova/Documents/PhD_project/gromacs_4.6.5/gromacs-4.6.5/build_0/CMakeFiles/CMakeTmp

Run Build Command(s):/usr/bin/make cmTC_36173/fast 
/Library/Developer/CommandLineTools/usr/bin/make -f CMakeFiles/cmTC_36173.dir/build.make CMakeFiles/cmTC_36173.dir/build
Building C object CMakeFiles/cmTC_36173.dir/HAVE_SYS_TYPES_H.c.o
/Library/Developer/CommandLineTools/usr/bin/gcc   -Wall -Wno-unused -Wunused-value -Wno-unknown-pragmas    -isysroot /Library/Developer/CommandLineTools/SDKs/MacOSX10.14.sdk   -o CMakeFiles/cmTC_36173.dir/HAVE_SYS_TYPES_H.c.o   -c /Users/kseniakorshunova/Documents/PhD_project/gromacs_4.6.5/gromacs-4.6.5/build_0/CMakeFiles/CheckIncludeFiles/HAVE_SYS_TYPES_H.c
Linking C executable cmTC_36173
/usr/local/Cellar/cmake/3.14.1/bin/cmake -E cmake_link_script CMakeFiles/cmTC_36173.dir/link.txt --verbose=1
/Library/Developer/CommandLineTools/usr/bin/gcc -Wall -Wno-unused -Wunused-value -Wno-unknown-pragmas    -isysroot /Library/Developer/CommandLineTools/SDKs/MacOSX10.14.sdk -Wl,-search_paths_first -Wl,-headerpad_max_install_names   CMakeFiles/cmTC_36173.dir/HAVE_SYS_TYPES_H.c.o  -o cmTC_36173 


Determining if files sys/stat.h exist passed with the following output:
Change Dir: /Users/kseniakorshunova/Documents/PhD_project/gromacs_4.6.5/gromacs-4.6.5/build_0/CMakeFiles/CMakeTmp

Run Build Command(s):/usr/bin/make cmTC_d278f/fast 
/Library/Developer/CommandLineTools/usr/bin/make -f CMakeFiles/cmTC_d278f.dir/build.make CMakeFiles/cmTC_d278f.dir/build
Building C object CMakeFiles/cmTC_d278f.dir/HAVE_SYS_STAT_H.c.o
/Library/Developer/CommandLineTools/usr/bin/gcc   -Wall -Wno-unused -Wunused-value -Wno-unknown-pragmas    -isysroot /Library/Developer/CommandLineTools/SDKs/MacOSX10.14.sdk   -o CMakeFiles/cmTC_d278f.dir/HAVE_SYS_STAT_H.c.o   -c /Users/kseniakorshunova/Documents/PhD_project/gromacs_4.6.5/gromacs-4.6.5/build_0/CMakeFiles/CheckIncludeFiles/HAVE_SYS_STAT_H.c
Linking C executable cmTC_d278f
/usr/local/Cellar/cmake/3.14.1/bin/cmake -E cmake_link_script CMakeFiles/cmTC_d278f.dir/link.txt --verbose=1
/Library/Developer/CommandLineTools/usr/bin/gcc -Wall -Wno-unused -Wunused-value -Wno-unknown-pragmas    -isysroot /Library/Developer/CommandLineTools/SDKs/MacOSX10.14.sdk -Wl,-search_paths_first -Wl,-headerpad_max_install_names   CMakeFiles/cmTC_d278f.dir/HAVE_SYS_STAT_H.c.o  -o cmTC_d278f 


Determining if files sys/time.h exist passed with the following output:
Change Dir: /Users/kseniakorshunova/Documents/PhD_project/gromacs_4.6.5/gromacs-4.6.5/build_0/CMakeFiles/CMakeTmp

Run Build Command(s):/usr/bin/make cmTC_bb0c8/fast 
/Library/Developer/CommandLineTools/usr/bin/make -f CMakeFiles/cmTC_bb0c8.dir/build.make CMakeFiles/cmTC_bb0c8.dir/build
Building C object CMakeFiles/cmTC_bb0c8.dir/HAVE_SYS_TIME_H.c.o
/Library/Developer/CommandLineTools/usr/bin/gcc   -Wall -Wno-unused -Wunused-value -Wno-unknown-pragmas    -isysroot /Library/Developer/CommandLineTools/SDKs/MacOSX10.14.sdk   -o CMakeFiles/cmTC_bb0c8.dir/HAVE_SYS_TIME_H.c.o   -c /Users/kseniakorshunova/Documents/PhD_project/gromacs_4.6.5/gromacs-4.6.5/build_0/CMakeFiles/CheckIncludeFiles/HAVE_SYS_TIME_H.c
Linking C executable cmTC_bb0c8
/usr/local/Cellar/cmake/3.14.1/bin/cmake -E cmake_link_script CMakeFiles/cmTC_bb0c8.dir/link.txt --verbose=1
/Library/Developer/CommandLineTools/usr/bin/gcc -Wall -Wno-unused -Wunused-value -Wno-unknown-pragmas    -isysroot /Library/Developer/CommandLineTools/SDKs/MacOSX10.14.sdk -Wl,-search_paths_first -Wl,-headerpad_max_install_names   CMakeFiles/cmTC_bb0c8.dir/HAVE_SYS_TIME_H.c.o  -o cmTC_bb0c8 


Determining if files rpc/rpc.h exist passed with the following output:
Change Dir: /Users/kseniakorshunova/Documents/PhD_project/gromacs_4.6.5/gromacs-4.6.5/build_0/CMakeFiles/CMakeTmp

Run Build Command(s):/usr/bin/make cmTC_7f9a6/fast 
/Library/Developer/CommandLineTools/usr/bin/make -f CMakeFiles/cmTC_7f9a6.dir/build.make CMakeFiles/cmTC_7f9a6.dir/build
Building C object CMakeFiles/cmTC_7f9a6.dir/HAVE_RPC_RPC_H.c.o
/Library/Developer/CommandLineTools/usr/bin/gcc   -Wall -Wno-unused -Wunused-value -Wno-unknown-pragmas    -isysroot /Library/Developer/CommandLineTools/SDKs/MacOSX10.14.sdk   -o CMakeFiles/cmTC_7f9a6.dir/HAVE_RPC_RPC_H.c.o   -c /Users/kseniakorshunova/Documents/PhD_project/gromacs_4.6.5/gromacs-4.6.5/build_0/CMakeFiles/CheckIncludeFiles/HAVE_RPC_RPC_H.c
Linking C executable cmTC_7f9a6
/usr/local/Cellar/cmake/3.14.1/bin/cmake -E cmake_link_script CMakeFiles/cmTC_7f9a6.dir/link.txt --verbose=1
/Library/Developer/CommandLineTools/usr/bin/gcc -Wall -Wno-unused -Wunused-value -Wno-unknown-pragmas    -isysroot /Library/Developer/CommandLineTools/SDKs/MacOSX10.14.sdk -Wl,-search_paths_first -Wl,-headerpad_max_install_names   CMakeFiles/cmTC_7f9a6.dir/HAVE_RPC_RPC_H.c.o  -o cmTC_7f9a6 


Determining if files rpc/rpc.h;rpc/xdr.h exist passed with the following output:
Change Dir: /Users/kseniakorshunova/Documents/PhD_project/gromacs_4.6.5/gromacs-4.6.5/build_0/CMakeFiles/CMakeTmp

Run Build Command(s):/usr/bin/make cmTC_c1a8d/fast 
/Library/Developer/CommandLineTools/usr/bin/make -f CMakeFiles/cmTC_c1a8d.dir/build.make CMakeFiles/cmTC_c1a8d.dir/build
Building C object CMakeFiles/cmTC_c1a8d.dir/HAVE_RPC_XDR_H.c.o
/Library/Developer/CommandLineTools/usr/bin/gcc   -Wall -Wno-unused -Wunused-value -Wno-unknown-pragmas    -isysroot /Library/Developer/CommandLineTools/SDKs/MacOSX10.14.sdk   -o CMakeFiles/cmTC_c1a8d.dir/HAVE_RPC_XDR_H.c.o   -c /Users/kseniakorshunova/Documents/PhD_project/gromacs_4.6.5/gromacs-4.6.5/build_0/CMakeFiles/CheckIncludeFiles/HAVE_RPC_XDR_H.c
Linking C executable cmTC_c1a8d
/usr/local/Cellar/cmake/3.14.1/bin/cmake -E cmake_link_script CMakeFiles/cmTC_c1a8d.dir/link.txt --verbose=1
/Library/Developer/CommandLineTools/usr/bin/gcc -Wall -Wno-unused -Wunused-value -Wno-unknown-pragmas    -isysroot /Library/Developer/CommandLineTools/SDKs/MacOSX10.14.sdk -Wl,-search_paths_first -Wl,-headerpad_max_install_names   CMakeFiles/cmTC_c1a8d.dir/HAVE_RPC_XDR_H.c.o  -o cmTC_c1a8d 


Determining if files sched.h exist passed with the following output:
Change Dir: /Users/kseniakorshunova/Documents/PhD_project/gromacs_4.6.5/gromacs-4.6.5/build_0/CMakeFiles/CMakeTmp

Run Build Command(s):/usr/bin/make cmTC_75d33/fast 
/Library/Developer/CommandLineTools/usr/bin/make -f CMakeFiles/cmTC_75d33.dir/build.make CMakeFiles/cmTC_75d33.dir/build
Building C object CMakeFiles/cmTC_75d33.dir/HAVE_SCHED_H.c.o
/Library/Developer/CommandLineTools/usr/bin/gcc   -Wall -Wno-unused -Wunused-value -Wno-unknown-pragmas    -isysroot /Library/Developer/CommandLineTools/SDKs/MacOSX10.14.sdk   -o CMakeFiles/cmTC_75d33.dir/HAVE_SCHED_H.c.o   -c /Users/kseniakorshunova/Documents/PhD_project/gromacs_4.6.5/gromacs-4.6.5/build_0/CMakeFiles/CheckIncludeFiles/HAVE_SCHED_H.c
Linking C executable cmTC_75d33
/usr/local/Cellar/cmake/3.14.1/bin/cmake -E cmake_link_script CMakeFiles/cmTC_75d33.dir/link.txt --verbose=1
/Library/Developer/CommandLineTools/usr/bin/gcc -Wall -Wno-unused -Wunused-value -Wno-unknown-pragmas    -isysroot /Library/Developer/CommandLineTools/SDKs/MacOSX10.14.sdk -Wl,-search_paths_first -Wl,-headerpad_max_install_names   CMakeFiles/cmTC_75d33.dir/HAVE_SCHED_H.c.o  -o cmTC_75d33 


Determining if the function strcasecmp exists passed with the following output:
Change Dir: /Users/kseniakorshunova/Documents/PhD_project/gromacs_4.6.5/gromacs-4.6.5/build_0/CMakeFiles/CMakeTmp

Run Build Command(s):/usr/bin/make cmTC_a5ac3/fast 
/Library/Developer/CommandLineTools/usr/bin/make -f CMakeFiles/cmTC_a5ac3.dir/build.make CMakeFiles/cmTC_a5ac3.dir/build
Building C object CMakeFiles/cmTC_a5ac3.dir/CheckFunctionExists.c.o
/Library/Developer/CommandLineTools/usr/bin/gcc   -Wall -Wno-unused -Wunused-value -Wno-unknown-pragmas   -DCHECK_FUNCTION_EXISTS=strcasecmp -isysroot /Library/Developer/CommandLineTools/SDKs/MacOSX10.14.sdk   -o CMakeFiles/cmTC_a5ac3.dir/CheckFunctionExists.c.o   -c /usr/local/Cellar/cmake/3.14.1/share/cmake/Modules/CheckFunctionExists.c
/usr/local/Cellar/cmake/3.14.1/share/cmake/Modules/CheckFunctionExists.c:7:3: warning: incompatible redeclaration of library function 'strcasecmp' [-Wincompatible-library-redeclaration]
  CHECK_FUNCTION_EXISTS(void);
  ^
<command line>:1:31: note: expanded from here
#define CHECK_FUNCTION_EXISTS strcasecmp
                              ^
/usr/local/Cellar/cmake/3.14.1/share/cmake/Modules/CheckFunctionExists.c:7:3: note: 'strcasecmp' is a builtin with type 'int (const char *, const char *)'
<command line>:1:31: note: expanded from here
#define CHECK_FUNCTION_EXISTS strcasecmp
                              ^
1 warning generated.
Linking C executable cmTC_a5ac3
/usr/local/Cellar/cmake/3.14.1/bin/cmake -E cmake_link_script CMakeFiles/cmTC_a5ac3.dir/link.txt --verbose=1
/Library/Developer/CommandLineTools/usr/bin/gcc -Wall -Wno-unused -Wunused-value -Wno-unknown-pragmas   -DCHECK_FUNCTION_EXISTS=strcasecmp -isysroot /Library/Developer/CommandLineTools/SDKs/MacOSX10.14.sdk -Wl,-search_paths_first -Wl,-headerpad_max_install_names   CMakeFiles/cmTC_a5ac3.dir/CheckFunctionExists.c.o  -o cmTC_a5ac3 


Determining if the function strdup exists passed with the following output:
Change Dir: /Users/kseniakorshunova/Documents/PhD_project/gromacs_4.6.5/gromacs-4.6.5/build_0/CMakeFiles/CMakeTmp

Run Build Command(s):/usr/bin/make cmTC_3ca60/fast 
/Library/Developer/CommandLineTools/usr/bin/make -f CMakeFiles/cmTC_3ca60.dir/build.make CMakeFiles/cmTC_3ca60.dir/build
Building C object CMakeFiles/cmTC_3ca60.dir/CheckFunctionExists.c.o
/Library/Developer/CommandLineTools/usr/bin/gcc   -Wall -Wno-unused -Wunused-value -Wno-unknown-pragmas   -DCHECK_FUNCTION_EXISTS=strdup -isysroot /Library/Developer/CommandLineTools/SDKs/MacOSX10.14.sdk   -o CMakeFiles/cmTC_3ca60.dir/CheckFunctionExists.c.o   -c /usr/local/Cellar/cmake/3.14.1/share/cmake/Modules/CheckFunctionExists.c
/usr/local/Cellar/cmake/3.14.1/share/cmake/Modules/CheckFunctionExists.c:7:3: warning: incompatible redeclaration of library function 'strdup' [-Wincompatible-library-redeclaration]
  CHECK_FUNCTION_EXISTS(void);
  ^
<command line>:1:31: note: expanded from here
#define CHECK_FUNCTION_EXISTS strdup
                              ^
/usr/local/Cellar/cmake/3.14.1/share/cmake/Modules/CheckFunctionExists.c:7:3: note: 'strdup' is a builtin with type 'char *(const char *)'
<command line>:1:31: note: expanded from here
#define CHECK_FUNCTION_EXISTS strdup
                              ^
1 warning generated.
Linking C executable cmTC_3ca60
/usr/local/Cellar/cmake/3.14.1/bin/cmake -E cmake_link_script CMakeFiles/cmTC_3ca60.dir/link.txt --verbose=1
/Library/Developer/CommandLineTools/usr/bin/gcc -Wall -Wno-unused -Wunused-value -Wno-unknown-pragmas   -DCHECK_FUNCTION_EXISTS=strdup -isysroot /Library/Developer/CommandLineTools/SDKs/MacOSX10.14.sdk -Wl,-search_paths_first -Wl,-headerpad_max_install_names   CMakeFiles/cmTC_3ca60.dir/CheckFunctionExists.c.o  -o cmTC_3ca60 


Determining if the function vprintf exists passed with the following output:
Change Dir: /Users/kseniakorshunova/Documents/PhD_project/gromacs_4.6.5/gromacs-4.6.5/build_0/CMakeFiles/CMakeTmp

Run Build Command(s):/usr/bin/make cmTC_8b3d0/fast 
/Library/Developer/CommandLineTools/usr/bin/make -f CMakeFiles/cmTC_8b3d0.dir/build.make CMakeFiles/cmTC_8b3d0.dir/build
Building C object CMakeFiles/cmTC_8b3d0.dir/CheckFunctionExists.c.o
/Library/Developer/CommandLineTools/usr/bin/gcc   -Wall -Wno-unused -Wunused-value -Wno-unknown-pragmas   -DCHECK_FUNCTION_EXISTS=vprintf -isysroot /Library/Developer/CommandLineTools/SDKs/MacOSX10.14.sdk   -o CMakeFiles/cmTC_8b3d0.dir/CheckFunctionExists.c.o   -c /usr/local/Cellar/cmake/3.14.1/share/cmake/Modules/CheckFunctionExists.c
/usr/local/Cellar/cmake/3.14.1/share/cmake/Modules/CheckFunctionExists.c:7:3: warning: incompatible redeclaration of library function 'vprintf' [-Wincompatible-library-redeclaration]
  CHECK_FUNCTION_EXISTS(void);
  ^
<command line>:1:31: note: expanded from here
#define CHECK_FUNCTION_EXISTS vprintf
                              ^
/usr/local/Cellar/cmake/3.14.1/share/cmake/Modules/CheckFunctionExists.c:7:3: note: 'vprintf' is a builtin with type 'int (const char *, struct __va_list_tag *)'
<command line>:1:31: note: expanded from here
#define CHECK_FUNCTION_EXISTS vprintf
                              ^
1 warning generated.
Linking C executable cmTC_8b3d0
/usr/local/Cellar/cmake/3.14.1/bin/cmake -E cmake_link_script CMakeFiles/cmTC_8b3d0.dir/link.txt --verbose=1
/Library/Developer/CommandLineTools/usr/bin/gcc -Wall -Wno-unused -Wunused-value -Wno-unknown-pragmas   -DCHECK_FUNCTION_EXISTS=vprintf -isysroot /Library/Developer/CommandLineTools/SDKs/MacOSX10.14.sdk -Wl,-search_paths_first -Wl,-headerpad_max_install_names   CMakeFiles/cmTC_8b3d0.dir/CheckFunctionExists.c.o  -o cmTC_8b3d0 


Determining if the function memcmp exists passed with the following output:
Change Dir: /Users/kseniakorshunova/Documents/PhD_project/gromacs_4.6.5/gromacs-4.6.5/build_0/CMakeFiles/CMakeTmp

Run Build Command(s):/usr/bin/make cmTC_49163/fast 
/Library/Developer/CommandLineTools/usr/bin/make -f CMakeFiles/cmTC_49163.dir/build.make CMakeFiles/cmTC_49163.dir/build
Building C object CMakeFiles/cmTC_49163.dir/CheckFunctionExists.c.o
/Library/Developer/CommandLineTools/usr/bin/gcc   -Wall -Wno-unused -Wunused-value -Wno-unknown-pragmas   -DCHECK_FUNCTION_EXISTS=memcmp -isysroot /Library/Developer/CommandLineTools/SDKs/MacOSX10.14.sdk   -o CMakeFiles/cmTC_49163.dir/CheckFunctionExists.c.o   -c /usr/local/Cellar/cmake/3.14.1/share/cmake/Modules/CheckFunctionExists.c
/usr/local/Cellar/cmake/3.14.1/share/cmake/Modules/CheckFunctionExists.c:7:3: warning: incompatible redeclaration of library function 'memcmp' [-Wincompatible-library-redeclaration]
  CHECK_FUNCTION_EXISTS(void);
  ^
<command line>:1:31: note: expanded from here
#define CHECK_FUNCTION_EXISTS memcmp
                              ^
/usr/local/Cellar/cmake/3.14.1/share/cmake/Modules/CheckFunctionExists.c:7:3: note: 'memcmp' is a builtin with type 'int (const void *, const void *, unsigned long)'
<command line>:1:31: note: expanded from here
#define CHECK_FUNCTION_EXISTS memcmp
                              ^
1 warning generated.
Linking C executable cmTC_49163
/usr/local/Cellar/cmake/3.14.1/bin/cmake -E cmake_link_script CMakeFiles/cmTC_49163.dir/link.txt --verbose=1
/Library/Developer/CommandLineTools/usr/bin/gcc -Wall -Wno-unused -Wunused-value -Wno-unknown-pragmas   -DCHECK_FUNCTION_EXISTS=memcmp -isysroot /Library/Developer/CommandLineTools/SDKs/MacOSX10.14.sdk -Wl,-search_paths_first -Wl,-headerpad_max_install_names   CMakeFiles/cmTC_49163.dir/CheckFunctionExists.c.o  -o cmTC_49163 


Determining if the function posix_memalign exists passed with the following output:
Change Dir: /Users/kseniakorshunova/Documents/PhD_project/gromacs_4.6.5/gromacs-4.6.5/build_0/CMakeFiles/CMakeTmp

Run Build Command(s):/usr/bin/make cmTC_2df64/fast 
/Library/Developer/CommandLineTools/usr/bin/make -f CMakeFiles/cmTC_2df64.dir/build.make CMakeFiles/cmTC_2df64.dir/build
Building C object CMakeFiles/cmTC_2df64.dir/CheckFunctionExists.c.o
/Library/Developer/CommandLineTools/usr/bin/gcc   -Wall -Wno-unused -Wunused-value -Wno-unknown-pragmas   -DCHECK_FUNCTION_EXISTS=posix_memalign -isysroot /Library/Developer/CommandLineTools/SDKs/MacOSX10.14.sdk   -o CMakeFiles/cmTC_2df64.dir/CheckFunctionExists.c.o   -c /usr/local/Cellar/cmake/3.14.1/share/cmake/Modules/CheckFunctionExists.c
Linking C executable cmTC_2df64
/usr/local/Cellar/cmake/3.14.1/bin/cmake -E cmake_link_script CMakeFiles/cmTC_2df64.dir/link.txt --verbose=1
/Library/Developer/CommandLineTools/usr/bin/gcc -Wall -Wno-unused -Wunused-value -Wno-unknown-pragmas   -DCHECK_FUNCTION_EXISTS=posix_memalign -isysroot /Library/Developer/CommandLineTools/SDKs/MacOSX10.14.sdk -Wl,-search_paths_first -Wl,-headerpad_max_install_names   CMakeFiles/cmTC_2df64.dir/CheckFunctionExists.c.o  -o cmTC_2df64 


Determining if the function gettimeofday exists passed with the following output:
Change Dir: /Users/kseniakorshunova/Documents/PhD_project/gromacs_4.6.5/gromacs-4.6.5/build_0/CMakeFiles/CMakeTmp

Run Build Command(s):/usr/bin/make cmTC_e444e/fast 
/Library/Developer/CommandLineTools/usr/bin/make -f CMakeFiles/cmTC_e444e.dir/build.make CMakeFiles/cmTC_e444e.dir/build
Building C object CMakeFiles/cmTC_e444e.dir/CheckFunctionExists.c.o
/Library/Developer/CommandLineTools/usr/bin/gcc   -Wall -Wno-unused -Wunused-value -Wno-unknown-pragmas   -DCHECK_FUNCTION_EXISTS=gettimeofday -isysroot /Library/Developer/CommandLineTools/SDKs/MacOSX10.14.sdk   -o CMakeFiles/cmTC_e444e.dir/CheckFunctionExists.c.o   -c /usr/local/Cellar/cmake/3.14.1/share/cmake/Modules/CheckFunctionExists.c
Linking C executable cmTC_e444e
/usr/local/Cellar/cmake/3.14.1/bin/cmake -E cmake_link_script CMakeFiles/cmTC_e444e.dir/link.txt --verbose=1
/Library/Developer/CommandLineTools/usr/bin/gcc -Wall -Wno-unused -Wunused-value -Wno-unknown-pragmas   -DCHECK_FUNCTION_EXISTS=gettimeofday -isysroot /Library/Developer/CommandLineTools/SDKs/MacOSX10.14.sdk -Wl,-search_paths_first -Wl,-headerpad_max_install_names   CMakeFiles/cmTC_e444e.dir/CheckFunctionExists.c.o  -o cmTC_e444e 


Determining if the function isnan exists passed with the following output:
Change Dir: /Users/kseniakorshunova/Documents/PhD_project/gromacs_4.6.5/gromacs-4.6.5/build_0/CMakeFiles/CMakeTmp

Run Build Command(s):/usr/bin/make cmTC_9be4c/fast 
/Library/Developer/CommandLineTools/usr/bin/make -f CMakeFiles/cmTC_9be4c.dir/build.make CMakeFiles/cmTC_9be4c.dir/build
Building C object CMakeFiles/cmTC_9be4c.dir/CheckFunctionExists.c.o
/Library/Developer/CommandLineTools/usr/bin/gcc   -Wall -Wno-unused -Wunused-value -Wno-unknown-pragmas   -DCHECK_FUNCTION_EXISTS=isnan -isysroot /Library/Developer/CommandLineTools/SDKs/MacOSX10.14.sdk   -o CMakeFiles/cmTC_9be4c.dir/CheckFunctionExists.c.o   -c /usr/local/Cellar/cmake/3.14.1/share/cmake/Modules/CheckFunctionExists.c
Linking C executable cmTC_9be4c
/usr/local/Cellar/cmake/3.14.1/bin/cmake -E cmake_link_script CMakeFiles/cmTC_9be4c.dir/link.txt --verbose=1
/Library/Developer/CommandLineTools/usr/bin/gcc -Wall -Wno-unused -Wunused-value -Wno-unknown-pragmas   -DCHECK_FUNCTION_EXISTS=isnan -isysroot /Library/Developer/CommandLineTools/SDKs/MacOSX10.14.sdk -Wl,-search_paths_first -Wl,-headerpad_max_install_names   CMakeFiles/cmTC_9be4c.dir/CheckFunctionExists.c.o  -o cmTC_9be4c 


Determining if the function fsync exists passed with the following output:
Change Dir: /Users/kseniakorshunova/Documents/PhD_project/gromacs_4.6.5/gromacs-4.6.5/build_0/CMakeFiles/CMakeTmp

Run Build Command(s):/usr/bin/make cmTC_753db/fast 
/Library/Developer/CommandLineTools/usr/bin/make -f CMakeFiles/cmTC_753db.dir/build.make CMakeFiles/cmTC_753db.dir/build
Building C object CMakeFiles/cmTC_753db.dir/CheckFunctionExists.c.o
/Library/Developer/CommandLineTools/usr/bin/gcc   -Wall -Wno-unused -Wunused-value -Wno-unknown-pragmas   -DCHECK_FUNCTION_EXISTS=fsync -isysroot /Library/Developer/CommandLineTools/SDKs/MacOSX10.14.sdk   -o CMakeFiles/cmTC_753db.dir/CheckFunctionExists.c.o   -c /usr/local/Cellar/cmake/3.14.1/share/cmake/Modules/CheckFunctionExists.c
Linking C executable cmTC_753db
/usr/local/Cellar/cmake/3.14.1/bin/cmake -E cmake_link_script CMakeFiles/cmTC_753db.dir/link.txt --verbose=1
/Library/Developer/CommandLineTools/usr/bin/gcc -Wall -Wno-unused -Wunused-value -Wno-unknown-pragmas   -DCHECK_FUNCTION_EXISTS=fsync -isysroot /Library/Developer/CommandLineTools/SDKs/MacOSX10.14.sdk -Wl,-search_paths_first -Wl,-headerpad_max_install_names   CMakeFiles/cmTC_753db.dir/CheckFunctionExists.c.o  -o cmTC_753db 


Determining if the function fileno exists passed with the following output:
Change Dir: /Users/kseniakorshunova/Documents/PhD_project/gromacs_4.6.5/gromacs-4.6.5/build_0/CMakeFiles/CMakeTmp

Run Build Command(s):/usr/bin/make cmTC_f3218/fast 
/Library/Developer/CommandLineTools/usr/bin/make -f CMakeFiles/cmTC_f3218.dir/build.make CMakeFiles/cmTC_f3218.dir/build
Building C object CMakeFiles/cmTC_f3218.dir/CheckFunctionExists.c.o
/Library/Developer/CommandLineTools/usr/bin/gcc   -Wall -Wno-unused -Wunused-value -Wno-unknown-pragmas   -DCHECK_FUNCTION_EXISTS=fileno -isysroot /Library/Developer/CommandLineTools/SDKs/MacOSX10.14.sdk   -o CMakeFiles/cmTC_f3218.dir/CheckFunctionExists.c.o   -c /usr/local/Cellar/cmake/3.14.1/share/cmake/Modules/CheckFunctionExists.c
Linking C executable cmTC_f3218
/usr/local/Cellar/cmake/3.14.1/bin/cmake -E cmake_link_script CMakeFiles/cmTC_f3218.dir/link.txt --verbose=1
/Library/Developer/CommandLineTools/usr/bin/gcc -Wall -Wno-unused -Wunused-value -Wno-unknown-pragmas   -DCHECK_FUNCTION_EXISTS=fileno -isysroot /Library/Developer/CommandLineTools/SDKs/MacOSX10.14.sdk -Wl,-search_paths_first -Wl,-headerpad_max_install_names   CMakeFiles/cmTC_f3218.dir/CheckFunctionExists.c.o  -o cmTC_f3218 


Determining if the function sigaction exists passed with the following output:
Change Dir: /Users/kseniakorshunova/Documents/PhD_project/gromacs_4.6.5/gromacs-4.6.5/build_0/CMakeFiles/CMakeTmp

Run Build Command(s):/usr/bin/make cmTC_677ce/fast 
/Library/Developer/CommandLineTools/usr/bin/make -f CMakeFiles/cmTC_677ce.dir/build.make CMakeFiles/cmTC_677ce.dir/build
Building C object CMakeFiles/cmTC_677ce.dir/CheckFunctionExists.c.o
/Library/Developer/CommandLineTools/usr/bin/gcc   -Wall -Wno-unused -Wunused-value -Wno-unknown-pragmas   -DCHECK_FUNCTION_EXISTS=sigaction -isysroot /Library/Developer/CommandLineTools/SDKs/MacOSX10.14.sdk   -o CMakeFiles/cmTC_677ce.dir/CheckFunctionExists.c.o   -c /usr/local/Cellar/cmake/3.14.1/share/cmake/Modules/CheckFunctionExists.c
Linking C executable cmTC_677ce
/usr/local/Cellar/cmake/3.14.1/bin/cmake -E cmake_link_script CMakeFiles/cmTC_677ce.dir/link.txt --verbose=1
/Library/Developer/CommandLineTools/usr/bin/gcc -Wall -Wno-unused -Wunused-value -Wno-unknown-pragmas   -DCHECK_FUNCTION_EXISTS=sigaction -isysroot /Library/Developer/CommandLineTools/SDKs/MacOSX10.14.sdk -Wl,-search_paths_first -Wl,-headerpad_max_install_names   CMakeFiles/cmTC_677ce.dir/CheckFunctionExists.c.o  -o cmTC_677ce 


Determining if the function sysconf exists passed with the following output:
Change Dir: /Users/kseniakorshunova/Documents/PhD_project/gromacs_4.6.5/gromacs-4.6.5/build_0/CMakeFiles/CMakeTmp

Run Build Command(s):/usr/bin/make cmTC_887bf/fast 
/Library/Developer/CommandLineTools/usr/bin/make -f CMakeFiles/cmTC_887bf.dir/build.make CMakeFiles/cmTC_887bf.dir/build
Building C object CMakeFiles/cmTC_887bf.dir/CheckFunctionExists.c.o
/Library/Developer/CommandLineTools/usr/bin/gcc   -Wall -Wno-unused -Wunused-value -Wno-unknown-pragmas   -DCHECK_FUNCTION_EXISTS=sysconf -isysroot /Library/Developer/CommandLineTools/SDKs/MacOSX10.14.sdk   -o CMakeFiles/cmTC_887bf.dir/CheckFunctionExists.c.o   -c /usr/local/Cellar/cmake/3.14.1/share/cmake/Modules/CheckFunctionExists.c
Linking C executable cmTC_887bf
/usr/local/Cellar/cmake/3.14.1/bin/cmake -E cmake_link_script CMakeFiles/cmTC_887bf.dir/link.txt --verbose=1
/Library/Developer/CommandLineTools/usr/bin/gcc -Wall -Wno-unused -Wunused-value -Wno-unknown-pragmas   -DCHECK_FUNCTION_EXISTS=sysconf -isysroot /Library/Developer/CommandLineTools/SDKs/MacOSX10.14.sdk -Wl,-search_paths_first -Wl,-headerpad_max_install_names   CMakeFiles/cmTC_887bf.dir/CheckFunctionExists.c.o  -o cmTC_887bf 


Determining if the function sqrtf exists passed with the following output:
Change Dir: /Users/kseniakorshunova/Documents/PhD_project/gromacs_4.6.5/gromacs-4.6.5/build_0/CMakeFiles/CMakeTmp

Run Build Command(s):/usr/bin/make cmTC_05b91/fast 
/Library/Developer/CommandLineTools/usr/bin/make -f CMakeFiles/cmTC_05b91.dir/build.make CMakeFiles/cmTC_05b91.dir/build
Building C object CMakeFiles/cmTC_05b91.dir/CheckFunctionExists.c.o
/Library/Developer/CommandLineTools/usr/bin/gcc   -Wall -Wno-unused -Wunused-value -Wno-unknown-pragmas   -DCHECK_FUNCTION_EXISTS=sqrtf -isysroot /Library/Developer/CommandLineTools/SDKs/MacOSX10.14.sdk   -o CMakeFiles/cmTC_05b91.dir/CheckFunctionExists.c.o   -c /usr/local/Cellar/cmake/3.14.1/share/cmake/Modules/CheckFunctionExists.c
/usr/local/Cellar/cmake/3.14.1/share/cmake/Modules/CheckFunctionExists.c:7:3: warning: incompatible redeclaration of library function 'sqrtf' [-Wincompatible-library-redeclaration]
  CHECK_FUNCTION_EXISTS(void);
  ^
<command line>:1:31: note: expanded from here
#define CHECK_FUNCTION_EXISTS sqrtf
                              ^
/usr/local/Cellar/cmake/3.14.1/share/cmake/Modules/CheckFunctionExists.c:7:3: note: 'sqrtf' is a builtin with type 'float (float)'
<command line>:1:31: note: expanded from here
#define CHECK_FUNCTION_EXISTS sqrtf
                              ^
1 warning generated.
Linking C executable cmTC_05b91
/usr/local/Cellar/cmake/3.14.1/bin/cmake -E cmake_link_script CMakeFiles/cmTC_05b91.dir/link.txt --verbose=1
/Library/Developer/CommandLineTools/usr/bin/gcc -Wall -Wno-unused -Wunused-value -Wno-unknown-pragmas   -DCHECK_FUNCTION_EXISTS=sqrtf -isysroot /Library/Developer/CommandLineTools/SDKs/MacOSX10.14.sdk -Wl,-search_paths_first -Wl,-headerpad_max_install_names   CMakeFiles/cmTC_05b91.dir/CheckFunctionExists.c.o  -o cmTC_05b91 


Determining if the function sqrt exists in the m passed with the following output:
Change Dir: /Users/kseniakorshunova/Documents/PhD_project/gromacs_4.6.5/gromacs-4.6.5/build_0/CMakeFiles/CMakeTmp

Run Build Command(s):/usr/bin/make cmTC_3ad88/fast 
/Library/Developer/CommandLineTools/usr/bin/make -f CMakeFiles/cmTC_3ad88.dir/build.make CMakeFiles/cmTC_3ad88.dir/build
Building C object CMakeFiles/cmTC_3ad88.dir/CheckFunctionExists.c.o
/Library/Developer/CommandLineTools/usr/bin/gcc   -Wall -Wno-unused -Wunused-value -Wno-unknown-pragmas   -DCHECK_FUNCTION_EXISTS=sqrt -isysroot /Library/Developer/CommandLineTools/SDKs/MacOSX10.14.sdk   -o CMakeFiles/cmTC_3ad88.dir/CheckFunctionExists.c.o   -c /usr/local/Cellar/cmake/3.14.1/share/cmake/Modules/CheckFunctionExists.c
/usr/local/Cellar/cmake/3.14.1/share/cmake/Modules/CheckFunctionExists.c:7:3: warning: incompatible redeclaration of library function 'sqrt' [-Wincompatible-library-redeclaration]
  CHECK_FUNCTION_EXISTS(void);
  ^
<command line>:1:31: note: expanded from here
#define CHECK_FUNCTION_EXISTS sqrt
                              ^
/usr/local/Cellar/cmake/3.14.1/share/cmake/Modules/CheckFunctionExists.c:7:3: note: 'sqrt' is a builtin with type 'double (double)'
<command line>:1:31: note: expanded from here
#define CHECK_FUNCTION_EXISTS sqrt
                              ^
1 warning generated.
Linking C executable cmTC_3ad88
/usr/local/Cellar/cmake/3.14.1/bin/cmake -E cmake_link_script CMakeFiles/cmTC_3ad88.dir/link.txt --verbose=1
/Library/Developer/CommandLineTools/usr/bin/gcc -Wall -Wno-unused -Wunused-value -Wno-unknown-pragmas   -DCHECK_FUNCTION_EXISTS=sqrt -isysroot /Library/Developer/CommandLineTools/SDKs/MacOSX10.14.sdk -Wl,-search_paths_first -Wl,-headerpad_max_install_names   CMakeFiles/cmTC_3ad88.dir/CheckFunctionExists.c.o  -o cmTC_3ad88 -lm 


Determining if the function cbrt exists in the m passed with the following output:
Change Dir: /Users/kseniakorshunova/Documents/PhD_project/gromacs_4.6.5/gromacs-4.6.5/build_0/CMakeFiles/CMakeTmp

Run Build Command(s):/usr/bin/make cmTC_91ce2/fast 
/Library/Developer/CommandLineTools/usr/bin/make -f CMakeFiles/cmTC_91ce2.dir/build.make CMakeFiles/cmTC_91ce2.dir/build
Building C object CMakeFiles/cmTC_91ce2.dir/CheckFunctionExists.c.o
/Library/Developer/CommandLineTools/usr/bin/gcc   -Wall -Wno-unused -Wunused-value -Wno-unknown-pragmas   -DCHECK_FUNCTION_EXISTS=cbrt -isysroot /Library/Developer/CommandLineTools/SDKs/MacOSX10.14.sdk   -o CMakeFiles/cmTC_91ce2.dir/CheckFunctionExists.c.o   -c /usr/local/Cellar/cmake/3.14.1/share/cmake/Modules/CheckFunctionExists.c
/usr/local/Cellar/cmake/3.14.1/share/cmake/Modules/CheckFunctionExists.c:7:3: warning: incompatible redeclaration of library function 'cbrt' [-Wincompatible-library-redeclaration]
  CHECK_FUNCTION_EXISTS(void);
  ^
<command line>:1:31: note: expanded from here
#define CHECK_FUNCTION_EXISTS cbrt
                              ^
/usr/local/Cellar/cmake/3.14.1/share/cmake/Modules/CheckFunctionExists.c:7:3: note: 'cbrt' is a builtin with type 'double (double)'
<command line>:1:31: note: expanded from here
#define CHECK_FUNCTION_EXISTS cbrt
                              ^
1 warning generated.
Linking C executable cmTC_91ce2
/usr/local/Cellar/cmake/3.14.1/bin/cmake -E cmake_link_script CMakeFiles/cmTC_91ce2.dir/link.txt --verbose=1
/Library/Developer/CommandLineTools/usr/bin/gcc -Wall -Wno-unused -Wunused-value -Wno-unknown-pragmas   -DCHECK_FUNCTION_EXISTS=cbrt -isysroot /Library/Developer/CommandLineTools/SDKs/MacOSX10.14.sdk -Wl,-search_paths_first -Wl,-headerpad_max_install_names   CMakeFiles/cmTC_91ce2.dir/CheckFunctionExists.c.o  -o cmTC_91ce2 -lm 


Determining if the include file stddef.h exists passed with the following output:
Change Dir: /Users/kseniakorshunova/Documents/PhD_project/gromacs_4.6.5/gromacs-4.6.5/build_0/CMakeFiles/CMakeTmp

Run Build Command(s):/usr/bin/make cmTC_23e43/fast 
/Library/Developer/CommandLineTools/usr/bin/make -f CMakeFiles/cmTC_23e43.dir/build.make CMakeFiles/cmTC_23e43.dir/build
Building C object CMakeFiles/cmTC_23e43.dir/CheckIncludeFile.c.o
/Library/Developer/CommandLineTools/usr/bin/gcc   -Wall -Wno-unused -Wunused-value -Wno-unknown-pragmas    -isysroot /Library/Developer/CommandLineTools/SDKs/MacOSX10.14.sdk   -o CMakeFiles/cmTC_23e43.dir/CheckIncludeFile.c.o   -c /Users/kseniakorshunova/Documents/PhD_project/gromacs_4.6.5/gromacs-4.6.5/build_0/CMakeFiles/CMakeTmp/CheckIncludeFile.c
Linking C executable cmTC_23e43
/usr/local/Cellar/cmake/3.14.1/bin/cmake -E cmake_link_script CMakeFiles/cmTC_23e43.dir/link.txt --verbose=1
/Library/Developer/CommandLineTools/usr/bin/gcc -Wall -Wno-unused -Wunused-value -Wno-unknown-pragmas    -isysroot /Library/Developer/CommandLineTools/SDKs/MacOSX10.14.sdk -Wl,-search_paths_first -Wl,-headerpad_max_install_names   CMakeFiles/cmTC_23e43.dir/CheckIncludeFile.c.o  -o cmTC_23e43 


Determining size of int passed with the following output:
Change Dir: /Users/kseniakorshunova/Documents/PhD_project/gromacs_4.6.5/gromacs-4.6.5/build_0/CMakeFiles/CMakeTmp

Run Build Command(s):/usr/bin/make cmTC_92788/fast 
/Library/Developer/CommandLineTools/usr/bin/make -f CMakeFiles/cmTC_92788.dir/build.make CMakeFiles/cmTC_92788.dir/build
Building C object CMakeFiles/cmTC_92788.dir/SIZEOF_INT.c.o
/Library/Developer/CommandLineTools/usr/bin/gcc   -Wall -Wno-unused -Wunused-value -Wno-unknown-pragmas    -isysroot /Library/Developer/CommandLineTools/SDKs/MacOSX10.14.sdk   -o CMakeFiles/cmTC_92788.dir/SIZEOF_INT.c.o   -c /Users/kseniakorshunova/Documents/PhD_project/gromacs_4.6.5/gromacs-4.6.5/build_0/CMakeFiles/CheckTypeSize/SIZEOF_INT.c
Linking C executable cmTC_92788
/usr/local/Cellar/cmake/3.14.1/bin/cmake -E cmake_link_script CMakeFiles/cmTC_92788.dir/link.txt --verbose=1
/Library/Developer/CommandLineTools/usr/bin/gcc -Wall -Wno-unused -Wunused-value -Wno-unknown-pragmas    -isysroot /Library/Developer/CommandLineTools/SDKs/MacOSX10.14.sdk -Wl,-search_paths_first -Wl,-headerpad_max_install_names   CMakeFiles/cmTC_92788.dir/SIZEOF_INT.c.o  -o cmTC_92788 


Determining size of long int passed with the following output:
Change Dir: /Users/kseniakorshunova/Documents/PhD_project/gromacs_4.6.5/gromacs-4.6.5/build_0/CMakeFiles/CMakeTmp

Run Build Command(s):/usr/bin/make cmTC_6e454/fast 
/Library/Developer/CommandLineTools/usr/bin/make -f CMakeFiles/cmTC_6e454.dir/build.make CMakeFiles/cmTC_6e454.dir/build
Building C object CMakeFiles/cmTC_6e454.dir/SIZEOF_LONG_INT.c.o
/Library/Developer/CommandLineTools/usr/bin/gcc   -Wall -Wno-unused -Wunused-value -Wno-unknown-pragmas    -isysroot /Library/Developer/CommandLineTools/SDKs/MacOSX10.14.sdk   -o CMakeFiles/cmTC_6e454.dir/SIZEOF_LONG_INT.c.o   -c /Users/kseniakorshunova/Documents/PhD_project/gromacs_4.6.5/gromacs-4.6.5/build_0/CMakeFiles/CheckTypeSize/SIZEOF_LONG_INT.c
Linking C executable cmTC_6e454
/usr/local/Cellar/cmake/3.14.1/bin/cmake -E cmake_link_script CMakeFiles/cmTC_6e454.dir/link.txt --verbose=1
/Library/Developer/CommandLineTools/usr/bin/gcc -Wall -Wno-unused -Wunused-value -Wno-unknown-pragmas    -isysroot /Library/Developer/CommandLineTools/SDKs/MacOSX10.14.sdk -Wl,-search_paths_first -Wl,-headerpad_max_install_names   CMakeFiles/cmTC_6e454.dir/SIZEOF_LONG_INT.c.o  -o cmTC_6e454 


Determining size of long long int passed with the following output:
Change Dir: /Users/kseniakorshunova/Documents/PhD_project/gromacs_4.6.5/gromacs-4.6.5/build_0/CMakeFiles/CMakeTmp

Run Build Command(s):/usr/bin/make cmTC_d0fed/fast 
/Library/Developer/CommandLineTools/usr/bin/make -f CMakeFiles/cmTC_d0fed.dir/build.make CMakeFiles/cmTC_d0fed.dir/build
Building C object CMakeFiles/cmTC_d0fed.dir/SIZEOF_LONG_LONG_INT.c.o
/Library/Developer/CommandLineTools/usr/bin/gcc   -Wall -Wno-unused -Wunused-value -Wno-unknown-pragmas    -isysroot /Library/Developer/CommandLineTools/SDKs/MacOSX10.14.sdk   -o CMakeFiles/cmTC_d0fed.dir/SIZEOF_LONG_LONG_INT.c.o   -c /Users/kseniakorshunova/Documents/PhD_project/gromacs_4.6.5/gromacs-4.6.5/build_0/CMakeFiles/CheckTypeSize/SIZEOF_LONG_LONG_INT.c
Linking C executable cmTC_d0fed
/usr/local/Cellar/cmake/3.14.1/bin/cmake -E cmake_link_script CMakeFiles/cmTC_d0fed.dir/link.txt --verbose=1
/Library/Developer/CommandLineTools/usr/bin/gcc -Wall -Wno-unused -Wunused-value -Wno-unknown-pragmas    -isysroot /Library/Developer/CommandLineTools/SDKs/MacOSX10.14.sdk -Wl,-search_paths_first -Wl,-headerpad_max_install_names   CMakeFiles/cmTC_d0fed.dir/SIZEOF_LONG_LONG_INT.c.o  -o cmTC_d0fed 


Determining size of off_t passed with the following output:
Change Dir: /Users/kseniakorshunova/Documents/PhD_project/gromacs_4.6.5/gromacs-4.6.5/build_0/CMakeFiles/CMakeTmp

Run Build Command(s):/usr/bin/make cmTC_c284c/fast 
/Library/Developer/CommandLineTools/usr/bin/make -f CMakeFiles/cmTC_c284c.dir/build.make CMakeFiles/cmTC_c284c.dir/build
Building C object CMakeFiles/cmTC_c284c.dir/SIZEOF_OFF_T.c.o
/Library/Developer/CommandLineTools/usr/bin/gcc   -Wall -Wno-unused -Wunused-value -Wno-unknown-pragmas    -isysroot /Library/Developer/CommandLineTools/SDKs/MacOSX10.14.sdk   -o CMakeFiles/cmTC_c284c.dir/SIZEOF_OFF_T.c.o   -c /Users/kseniakorshunova/Documents/PhD_project/gromacs_4.6.5/gromacs-4.6.5/build_0/CMakeFiles/CheckTypeSize/SIZEOF_OFF_T.c
Linking C executable cmTC_c284c
/usr/local/Cellar/cmake/3.14.1/bin/cmake -E cmake_link_script CMakeFiles/cmTC_c284c.dir/link.txt --verbose=1
/Library/Developer/CommandLineTools/usr/bin/gcc -Wall -Wno-unused -Wunused-value -Wno-unknown-pragmas    -isysroot /Library/Developer/CommandLineTools/SDKs/MacOSX10.14.sdk -Wl,-search_paths_first -Wl,-headerpad_max_install_names   CMakeFiles/cmTC_c284c.dir/SIZEOF_OFF_T.c.o  -o cmTC_c284c 


Determining size of void * passed with the following output:
Change Dir: /Users/kseniakorshunova/Documents/PhD_project/gromacs_4.6.5/gromacs-4.6.5/build_0/CMakeFiles/CMakeTmp

Run Build Command(s):/usr/bin/make cmTC_63dcd/fast 
/Library/Developer/CommandLineTools/usr/bin/make -f CMakeFiles/cmTC_63dcd.dir/build.make CMakeFiles/cmTC_63dcd.dir/build
Building C object CMakeFiles/cmTC_63dcd.dir/SIZEOF_VOIDP.c.o
/Library/Developer/CommandLineTools/usr/bin/gcc   -Wall -Wno-unused -Wunused-value -Wno-unknown-pragmas    -isysroot /Library/Developer/CommandLineTools/SDKs/MacOSX10.14.sdk   -o CMakeFiles/cmTC_63dcd.dir/SIZEOF_VOIDP.c.o   -c /Users/kseniakorshunova/Documents/PhD_project/gromacs_4.6.5/gromacs-4.6.5/build_0/CMakeFiles/CheckTypeSize/SIZEOF_VOIDP.c
Linking C executable cmTC_63dcd
/usr/local/Cellar/cmake/3.14.1/bin/cmake -E cmake_link_script CMakeFiles/cmTC_63dcd.dir/link.txt --verbose=1
/Library/Developer/CommandLineTools/usr/bin/gcc -Wall -Wno-unused -Wunused-value -Wno-unknown-pragmas    -isysroot /Library/Developer/CommandLineTools/SDKs/MacOSX10.14.sdk -Wl,-search_paths_first -Wl,-headerpad_max_install_names   CMakeFiles/cmTC_63dcd.dir/SIZEOF_VOIDP.c.o  -o cmTC_63dcd 


Determining size of uid_t passed with the following output:
Change Dir: /Users/kseniakorshunova/Documents/PhD_project/gromacs_4.6.5/gromacs-4.6.5/build_0/CMakeFiles/CMakeTmp

Run Build Command(s):/usr/bin/make cmTC_13294/fast 
/Library/Developer/CommandLineTools/usr/bin/make -f CMakeFiles/cmTC_13294.dir/build.make CMakeFiles/cmTC_13294.dir/build
Building C object CMakeFiles/cmTC_13294.dir/uid_t.c.o
/Library/Developer/CommandLineTools/usr/bin/gcc   -Wall -Wno-unused -Wunused-value -Wno-unknown-pragmas    -isysroot /Library/Developer/CommandLineTools/SDKs/MacOSX10.14.sdk   -o CMakeFiles/cmTC_13294.dir/uid_t.c.o   -c /Users/kseniakorshunova/Documents/PhD_project/gromacs_4.6.5/gromacs-4.6.5/build_0/CMakeFiles/CheckTypeSize/uid_t.c
Linking C executable cmTC_13294
/usr/local/Cellar/cmake/3.14.1/bin/cmake -E cmake_link_script CMakeFiles/cmTC_13294.dir/link.txt --verbose=1
/Library/Developer/CommandLineTools/usr/bin/gcc -Wall -Wno-unused -Wunused-value -Wno-unknown-pragmas    -isysroot /Library/Developer/CommandLineTools/SDKs/MacOSX10.14.sdk -Wl,-search_paths_first -Wl,-headerpad_max_install_names   CMakeFiles/cmTC_13294.dir/uid_t.c.o  -o cmTC_13294 


Determining size of gid_t passed with the following output:
Change Dir: /Users/kseniakorshunova/Documents/PhD_project/gromacs_4.6.5/gromacs-4.6.5/build_0/CMakeFiles/CMakeTmp

Run Build Command(s):/usr/bin/make cmTC_51bdc/fast 
/Library/Developer/CommandLineTools/usr/bin/make -f CMakeFiles/cmTC_51bdc.dir/build.make CMakeFiles/cmTC_51bdc.dir/build
Building C object CMakeFiles/cmTC_51bdc.dir/gid_t.c.o
/Library/Developer/CommandLineTools/usr/bin/gcc   -Wall -Wno-unused -Wunused-value -Wno-unknown-pragmas    -isysroot /Library/Developer/CommandLineTools/SDKs/MacOSX10.14.sdk   -o CMakeFiles/cmTC_51bdc.dir/gid_t.c.o   -c /Users/kseniakorshunova/Documents/PhD_project/gromacs_4.6.5/gromacs-4.6.5/build_0/CMakeFiles/CheckTypeSize/gid_t.c
Linking C executable cmTC_51bdc
/usr/local/Cellar/cmake/3.14.1/bin/cmake -E cmake_link_script CMakeFiles/cmTC_51bdc.dir/link.txt --verbose=1
/Library/Developer/CommandLineTools/usr/bin/gcc -Wall -Wno-unused -Wunused-value -Wno-unknown-pragmas    -isysroot /Library/Developer/CommandLineTools/SDKs/MacOSX10.14.sdk -Wl,-search_paths_first -Wl,-headerpad_max_install_names   CMakeFiles/cmTC_51bdc.dir/gid_t.c.o  -o cmTC_51bdc 


Determining size of size_t passed with the following output:
Change Dir: /Users/kseniakorshunova/Documents/PhD_project/gromacs_4.6.5/gromacs-4.6.5/build_0/CMakeFiles/CMakeTmp

Run Build Command(s):/usr/bin/make cmTC_c4824/fast 
/Library/Developer/CommandLineTools/usr/bin/make -f CMakeFiles/cmTC_c4824.dir/build.make CMakeFiles/cmTC_c4824.dir/build
Building C object CMakeFiles/cmTC_c4824.dir/size_t.c.o
/Library/Developer/CommandLineTools/usr/bin/gcc   -Wall -Wno-unused -Wunused-value -Wno-unknown-pragmas    -isysroot /Library/Developer/CommandLineTools/SDKs/MacOSX10.14.sdk   -o CMakeFiles/cmTC_c4824.dir/size_t.c.o   -c /Users/kseniakorshunova/Documents/PhD_project/gromacs_4.6.5/gromacs-4.6.5/build_0/CMakeFiles/CheckTypeSize/size_t.c
Linking C executable cmTC_c4824
/usr/local/Cellar/cmake/3.14.1/bin/cmake -E cmake_link_script CMakeFiles/cmTC_c4824.dir/link.txt --verbose=1
/Library/Developer/CommandLineTools/usr/bin/gcc -Wall -Wno-unused -Wunused-value -Wno-unknown-pragmas    -isysroot /Library/Developer/CommandLineTools/SDKs/MacOSX10.14.sdk -Wl,-search_paths_first -Wl,-headerpad_max_install_names   CMakeFiles/cmTC_c4824.dir/size_t.c.o  -o cmTC_c4824 


Determining size of off_t passed with the following output:
Change Dir: /Users/kseniakorshunova/Documents/PhD_project/gromacs_4.6.5/gromacs-4.6.5/build_0/CMakeFiles/CMakeTmp

Run Build Command(s):/usr/bin/make cmTC_c9bfa/fast 
/Library/Developer/CommandLineTools/usr/bin/make -f CMakeFiles/cmTC_c9bfa.dir/build.make CMakeFiles/cmTC_c9bfa.dir/build
Building C object CMakeFiles/cmTC_c9bfa.dir/off_t.c.o
/Library/Developer/CommandLineTools/usr/bin/gcc   -Wall -Wno-unused -Wunused-value -Wno-unknown-pragmas    -isysroot /Library/Developer/CommandLineTools/SDKs/MacOSX10.14.sdk   -o CMakeFiles/cmTC_c9bfa.dir/off_t.c.o   -c /Users/kseniakorshunova/Documents/PhD_project/gromacs_4.6.5/gromacs-4.6.5/build_0/CMakeFiles/CheckTypeSize/off_t.c
Linking C executable cmTC_c9bfa
/usr/local/Cellar/cmake/3.14.1/bin/cmake -E cmake_link_script CMakeFiles/cmTC_c9bfa.dir/link.txt --verbose=1
/Library/Developer/CommandLineTools/usr/bin/gcc -Wall -Wno-unused -Wunused-value -Wno-unknown-pragmas    -isysroot /Library/Developer/CommandLineTools/SDKs/MacOSX10.14.sdk -Wl,-search_paths_first -Wl,-headerpad_max_install_names   CMakeFiles/cmTC_c9bfa.dir/off_t.c.o  -o cmTC_c9bfa 


Determining size of unsigned short passed with the following output:
Change Dir: /Users/kseniakorshunova/Documents/PhD_project/gromacs_4.6.5/gromacs-4.6.5/build_0/CMakeFiles/CMakeTmp

Run Build Command(s):/usr/bin/make cmTC_61dcd/fast 
/Library/Developer/CommandLineTools/usr/bin/make -f CMakeFiles/cmTC_61dcd.dir/build.make CMakeFiles/cmTC_61dcd.dir/build
Building C object CMakeFiles/cmTC_61dcd.dir/CMAKE_SIZEOF_UNSIGNED_SHORT.c.o
/Library/Developer/CommandLineTools/usr/bin/gcc   -Wall -Wno-unused -Wunused-value -Wno-unknown-pragmas    -isysroot /Library/Developer/CommandLineTools/SDKs/MacOSX10.14.sdk   -o CMakeFiles/cmTC_61dcd.dir/CMAKE_SIZEOF_UNSIGNED_SHORT.c.o   -c /Users/kseniakorshunova/Documents/PhD_project/gromacs_4.6.5/gromacs-4.6.5/build_0/CMakeFiles/CheckTypeSize/CMAKE_SIZEOF_UNSIGNED_SHORT.c
Linking C executable cmTC_61dcd
/usr/local/Cellar/cmake/3.14.1/bin/cmake -E cmake_link_script CMakeFiles/cmTC_61dcd.dir/link.txt --verbose=1
/Library/Developer/CommandLineTools/usr/bin/gcc -Wall -Wno-unused -Wunused-value -Wno-unknown-pragmas    -isysroot /Library/Developer/CommandLineTools/SDKs/MacOSX10.14.sdk -Wl,-search_paths_first -Wl,-headerpad_max_install_names   CMakeFiles/cmTC_61dcd.dir/CMAKE_SIZEOF_UNSIGNED_SHORT.c.o  -o cmTC_61dcd 


Determining if the system is big endian passed with the following output:
Change Dir: /Users/kseniakorshunova/Documents/PhD_project/gromacs_4.6.5/gromacs-4.6.5/build_0/CMakeFiles/CMakeTmp

Run Build Command(s):/usr/bin/make cmTC_19d86/fast 
/Library/Developer/CommandLineTools/usr/bin/make -f CMakeFiles/cmTC_19d86.dir/build.make CMakeFiles/cmTC_19d86.dir/build
Building C object CMakeFiles/cmTC_19d86.dir/TestEndianess.c.o
/Library/Developer/CommandLineTools/usr/bin/gcc   -Wall -Wno-unused -Wunused-value -Wno-unknown-pragmas    -isysroot /Library/Developer/CommandLineTools/SDKs/MacOSX10.14.sdk   -o CMakeFiles/cmTC_19d86.dir/TestEndianess.c.o   -c /Users/kseniakorshunova/Documents/PhD_project/gromacs_4.6.5/gromacs-4.6.5/build_0/CMakeFiles/CMakeTmp/TestEndianess.c
Linking C executable cmTC_19d86
/usr/local/Cellar/cmake/3.14.1/bin/cmake -E cmake_link_script CMakeFiles/cmTC_19d86.dir/link.txt --verbose=1
/Library/Developer/CommandLineTools/usr/bin/gcc -Wall -Wno-unused -Wunused-value -Wno-unknown-pragmas    -isysroot /Library/Developer/CommandLineTools/SDKs/MacOSX10.14.sdk -Wl,-search_paths_first -Wl,-headerpad_max_install_names   CMakeFiles/cmTC_19d86.dir/TestEndianess.c.o  -o cmTC_19d86 

TestEndianess.c:
/* A 16 bit integer is required. */
typedef unsigned short cmakeint16;

/* On a little endian machine, these 16bit ints will give "THIS IS LITTLE ENDIAN."
   On a big endian machine the characters will be exchanged pairwise. */
const cmakeint16 info_little[] =  {0x4854, 0x5349, 0x4920, 0x2053, 0x494c, 0x5454, 0x454c, 0x4520, 0x444e, 0x4149, 0x2e4e, 0x0000};

/* on a big endian machine, these 16bit ints will give "THIS IS BIG ENDIAN."
   On a little endian machine the characters will be exchanged pairwise. */
const cmakeint16 info_big[] =     {0x5448, 0x4953, 0x2049, 0x5320, 0x4249, 0x4720, 0x454e, 0x4449, 0x414e, 0x2e2e, 0x0000};

#ifdef __CLASSIC_C__
int main(argc, argv) int argc; char *argv[];
#else
int main(int argc, char *argv[])
#endif
{
  int require = 0;
  require += info_little[argc];
  require += info_big[argc];
  (void)argv;
  return require;
}


Determining if the include file pthread.h exists passed with the following output:
Change Dir: /Users/kseniakorshunova/Documents/PhD_project/gromacs_4.6.5/gromacs-4.6.5/build_0/CMakeFiles/CMakeTmp

Run Build Command(s):/usr/bin/make cmTC_ff90f/fast 
/Library/Developer/CommandLineTools/usr/bin/make -f CMakeFiles/cmTC_ff90f.dir/build.make CMakeFiles/cmTC_ff90f.dir/build
Building C object CMakeFiles/cmTC_ff90f.dir/CheckIncludeFile.c.o
/Library/Developer/CommandLineTools/usr/bin/gcc   -Wall -Wno-unused -Wunused-value -Wno-unknown-pragmas    -isysroot /Library/Developer/CommandLineTools/SDKs/MacOSX10.14.sdk   -o CMakeFiles/cmTC_ff90f.dir/CheckIncludeFile.c.o   -c /Users/kseniakorshunova/Documents/PhD_project/gromacs_4.6.5/gromacs-4.6.5/build_0/CMakeFiles/CMakeTmp/CheckIncludeFile.c
Linking C executable cmTC_ff90f
/usr/local/Cellar/cmake/3.14.1/bin/cmake -E cmake_link_script CMakeFiles/cmTC_ff90f.dir/link.txt --verbose=1
/Library/Developer/CommandLineTools/usr/bin/gcc -Wall -Wno-unused -Wunused-value -Wno-unknown-pragmas    -isysroot /Library/Developer/CommandLineTools/SDKs/MacOSX10.14.sdk -Wl,-search_paths_first -Wl,-headerpad_max_install_names   CMakeFiles/cmTC_ff90f.dir/CheckIncludeFile.c.o  -o cmTC_ff90f 


Determining if the pthread_create exist passed with the following output:
Change Dir: /Users/kseniakorshunova/Documents/PhD_project/gromacs_4.6.5/gromacs-4.6.5/build_0/CMakeFiles/CMakeTmp

Run Build Command(s):/usr/bin/make cmTC_ca6f8/fast 
/Library/Developer/CommandLineTools/usr/bin/make -f CMakeFiles/cmTC_ca6f8.dir/build.make CMakeFiles/cmTC_ca6f8.dir/build
Building C object CMakeFiles/cmTC_ca6f8.dir/CheckSymbolExists.c.o
/Library/Developer/CommandLineTools/usr/bin/gcc   -Wall -Wno-unused -Wunused-value -Wno-unknown-pragmas    -isysroot /Library/Developer/CommandLineTools/SDKs/MacOSX10.14.sdk   -o CMakeFiles/cmTC_ca6f8.dir/CheckSymbolExists.c.o   -c /Users/kseniakorshunova/Documents/PhD_project/gromacs_4.6.5/gromacs-4.6.5/build_0/CMakeFiles/CMakeTmp/CheckSymbolExists.c
Linking C executable cmTC_ca6f8
/usr/local/Cellar/cmake/3.14.1/bin/cmake -E cmake_link_script CMakeFiles/cmTC_ca6f8.dir/link.txt --verbose=1
/Library/Developer/CommandLineTools/usr/bin/gcc -Wall -Wno-unused -Wunused-value -Wno-unknown-pragmas    -isysroot /Library/Developer/CommandLineTools/SDKs/MacOSX10.14.sdk -Wl,-search_paths_first -Wl,-headerpad_max_install_names   CMakeFiles/cmTC_ca6f8.dir/CheckSymbolExists.c.o  -o cmTC_ca6f8 

File /Users/kseniakorshunova/Documents/PhD_project/gromacs_4.6.5/gromacs-4.6.5/build_0/CMakeFiles/CMakeTmp/CheckSymbolExists.c:
/* */
#include <pthread.h>

int main(int argc, char** argv)
{
  (void)argv;
#ifndef pthread_create
  return ((int*)(&pthread_create))[argc];
#else
  (void)argc;
  return 0;
#endif
}

Performing C SOURCE FILE Test isfinite_compile_ok succeeded with the following output:
Change Dir: /Users/kseniakorshunova/Documents/PhD_project/gromacs_4.6.5/gromacs-4.6.5/build_0/CMakeFiles/CMakeTmp

Run Build Command(s):/usr/bin/make cmTC_869e7/fast 
/Library/Developer/CommandLineTools/usr/bin/make -f CMakeFiles/cmTC_869e7.dir/build.make CMakeFiles/cmTC_869e7.dir/build
Building C object CMakeFiles/cmTC_869e7.dir/src.c.o
/Library/Developer/CommandLineTools/usr/bin/gcc  -I/Users/kseniakorshunova/Documents/PhD_project/gromacs_4.6.5/gromacs-4.6.5/build_0/CMakeFiles/CMakeTmp/math.h  -Wall -Wno-unused -Wunused-value -Wno-unknown-pragmas   -Disfinite_compile_ok -isysroot /Library/Developer/CommandLineTools/SDKs/MacOSX10.14.sdk   -o CMakeFiles/cmTC_869e7.dir/src.c.o   -c /Users/kseniakorshunova/Documents/PhD_project/gromacs_4.6.5/gromacs-4.6.5/build_0/CMakeFiles/CMakeTmp/src.c
/Users/kseniakorshunova/Documents/PhD_project/gromacs_4.6.5/gromacs-4.6.5/build_0/CMakeFiles/CMakeTmp/src.c:4:12: warning: variable 'f' is uninitialized when used here [-Wuninitialized]
  isfinite(f);
           ^
/Library/Developer/CommandLineTools/SDKs/MacOSX10.14.sdk/usr/include/math.h:155:64: note: expanded from macro 'isfinite'
    ( sizeof(x) == sizeof(float)  ? __inline_isfinitef((float)(x))       \
                                                               ^
/Users/kseniakorshunova/Documents/PhD_project/gromacs_4.6.5/gromacs-4.6.5/build_0/CMakeFiles/CMakeTmp/src.c:3:10: note: initialize the variable 'f' to silence this warning
  float f;
         ^
          = 0.0
1 warning generated.
Linking C executable cmTC_869e7
/usr/local/Cellar/cmake/3.14.1/bin/cmake -E cmake_link_script CMakeFiles/cmTC_869e7.dir/link.txt --verbose=1
/Library/Developer/CommandLineTools/usr/bin/gcc -Wall -Wno-unused -Wunused-value -Wno-unknown-pragmas   -Disfinite_compile_ok -isysroot /Library/Developer/CommandLineTools/SDKs/MacOSX10.14.sdk -Wl,-search_paths_first -Wl,-headerpad_max_install_names   CMakeFiles/cmTC_869e7.dir/src.c.o  -o cmTC_869e7 -lm 

Source file was:
#include <math.h>
int main(void) {
  float f;
  isfinite(f);
}
Performing C SOURCE FILE Test GNU_AVX_CFLAG succeeded with the following output:
Change Dir: /Users/kseniakorshunova/Documents/PhD_project/gromacs_4.6.5/gromacs-4.6.5/build_0/CMakeFiles/CMakeTmp

Run Build Command(s):/usr/bin/make cmTC_13f03/fast 
/Library/Developer/CommandLineTools/usr/bin/make -f CMakeFiles/cmTC_13f03.dir/build.make CMakeFiles/cmTC_13f03.dir/build
Building C object CMakeFiles/cmTC_13f03.dir/src.c.o
/Library/Developer/CommandLineTools/usr/bin/gcc   -Wall -Wno-unused -Wunused-value -Wno-unknown-pragmas   -DGNU_AVX_CFLAG -isysroot /Library/Developer/CommandLineTools/SDKs/MacOSX10.14.sdk   -mavx -o CMakeFiles/cmTC_13f03.dir/src.c.o   -c /Users/kseniakorshunova/Documents/PhD_project/gromacs_4.6.5/gromacs-4.6.5/build_0/CMakeFiles/CMakeTmp/src.c
Linking C executable cmTC_13f03
/usr/local/Cellar/cmake/3.14.1/bin/cmake -E cmake_link_script CMakeFiles/cmTC_13f03.dir/link.txt --verbose=1
/Library/Developer/CommandLineTools/usr/bin/gcc -Wall -Wno-unused -Wunused-value -Wno-unknown-pragmas   -DGNU_AVX_CFLAG -isysroot /Library/Developer/CommandLineTools/SDKs/MacOSX10.14.sdk -Wl,-search_paths_first -Wl,-headerpad_max_install_names   CMakeFiles/cmTC_13f03.dir/src.c.o  -o cmTC_13f03 

Source file was:
int main(void) { return 0; }
Determining if the include file immintrin.h exists passed with the following output:
Change Dir: /Users/kseniakorshunova/Documents/PhD_project/gromacs_4.6.5/gromacs-4.6.5/build_0/CMakeFiles/CMakeTmp

Run Build Command(s):/usr/bin/make cmTC_3a908/fast 
/Library/Developer/CommandLineTools/usr/bin/make -f CMakeFiles/cmTC_3a908.dir/build.make CMakeFiles/cmTC_3a908.dir/build
Building C object CMakeFiles/cmTC_3a908.dir/CheckIncludeFile.c.o
/Library/Developer/CommandLineTools/usr/bin/gcc   -Wall -Wno-unused -Wunused-value -Wno-unknown-pragmas   -mavx   -isysroot /Library/Developer/CommandLineTools/SDKs/MacOSX10.14.sdk   -o CMakeFiles/cmTC_3a908.dir/CheckIncludeFile.c.o   -c /Users/kseniakorshunova/Documents/PhD_project/gromacs_4.6.5/gromacs-4.6.5/build_0/CMakeFiles/CMakeTmp/CheckIncludeFile.c
Linking C executable cmTC_3a908
/usr/local/Cellar/cmake/3.14.1/bin/cmake -E cmake_link_script CMakeFiles/cmTC_3a908.dir/link.txt --verbose=1
/Library/Developer/CommandLineTools/usr/bin/gcc -Wall -Wno-unused -Wunused-value -Wno-unknown-pragmas   -mavx   -isysroot /Library/Developer/CommandLineTools/SDKs/MacOSX10.14.sdk -Wl,-search_paths_first -Wl,-headerpad_max_install_names   CMakeFiles/cmTC_3a908.dir/CheckIncludeFile.c.o  -o cmTC_3a908 


Determining if the include file x86intrin.h exists passed with the following output:
Change Dir: /Users/kseniakorshunova/Documents/PhD_project/gromacs_4.6.5/gromacs-4.6.5/build_0/CMakeFiles/CMakeTmp

Run Build Command(s):/usr/bin/make cmTC_6d073/fast 
/Library/Developer/CommandLineTools/usr/bin/make -f CMakeFiles/cmTC_6d073.dir/build.make CMakeFiles/cmTC_6d073.dir/build
Building C object CMakeFiles/cmTC_6d073.dir/CheckIncludeFile.c.o
/Library/Developer/CommandLineTools/usr/bin/gcc   -Wall -Wno-unused -Wunused-value -Wno-unknown-pragmas   -mavx   -isysroot /Library/Developer/CommandLineTools/SDKs/MacOSX10.14.sdk   -o CMakeFiles/cmTC_6d073.dir/CheckIncludeFile.c.o   -c /Users/kseniakorshunova/Documents/PhD_project/gromacs_4.6.5/gromacs-4.6.5/build_0/CMakeFiles/CMakeTmp/CheckIncludeFile.c
Linking C executable cmTC_6d073
/usr/local/Cellar/cmake/3.14.1/bin/cmake -E cmake_link_script CMakeFiles/cmTC_6d073.dir/link.txt --verbose=1
/Library/Developer/CommandLineTools/usr/bin/gcc -Wall -Wno-unused -Wunused-value -Wno-unknown-pragmas   -mavx   -isysroot /Library/Developer/CommandLineTools/SDKs/MacOSX10.14.sdk -Wl,-search_paths_first -Wl,-headerpad_max_install_names   CMakeFiles/cmTC_6d073.dir/CheckIncludeFile.c.o  -o cmTC_6d073 


Determining if the function dgemm_ exists passed with the following output:
Change Dir: /Users/kseniakorshunova/Documents/PhD_project/gromacs_4.6.5/gromacs-4.6.5/build_0/CMakeFiles/CMakeTmp

Run Build Command(s):/usr/bin/make cmTC_30f2c/fast 
/Library/Developer/CommandLineTools/usr/bin/make -f CMakeFiles/cmTC_30f2c.dir/build.make CMakeFiles/cmTC_30f2c.dir/build
Building C object CMakeFiles/cmTC_30f2c.dir/CheckFunctionExists.c.o
/Library/Developer/CommandLineTools/usr/bin/gcc   -Wall -Wno-unused -Wunused-value -Wno-unknown-pragmas   -DCHECK_FUNCTION_EXISTS=dgemm_ -isysroot /Library/Developer/CommandLineTools/SDKs/MacOSX10.14.sdk   -o CMakeFiles/cmTC_30f2c.dir/CheckFunctionExists.c.o   -c /usr/local/Cellar/cmake/3.14.1/share/cmake/Modules/CheckFunctionExists.c
Linking C executable cmTC_30f2c
/usr/local/Cellar/cmake/3.14.1/bin/cmake -E cmake_link_script CMakeFiles/cmTC_30f2c.dir/link.txt --verbose=1
/Library/Developer/CommandLineTools/usr/bin/gcc -Wall -Wno-unused -Wunused-value -Wno-unknown-pragmas   -DCHECK_FUNCTION_EXISTS=dgemm_ -isysroot /Library/Developer/CommandLineTools/SDKs/MacOSX10.14.sdk -Wl,-search_paths_first -Wl,-headerpad_max_install_names   CMakeFiles/cmTC_30f2c.dir/CheckFunctionExists.c.o  -o cmTC_30f2c -framework Accelerate 


Determining if the function cheev_ exists passed with the following output:
Change Dir: /Users/kseniakorshunova/Documents/PhD_project/gromacs_4.6.5/gromacs-4.6.5/build_0/CMakeFiles/CMakeTmp

Run Build Command(s):/usr/bin/make cmTC_07262/fast 
/Library/Developer/CommandLineTools/usr/bin/make -f CMakeFiles/cmTC_07262.dir/build.make CMakeFiles/cmTC_07262.dir/build
Building C object CMakeFiles/cmTC_07262.dir/CheckFunctionExists.c.o
/Library/Developer/CommandLineTools/usr/bin/gcc   -Wall -Wno-unused -Wunused-value -Wno-unknown-pragmas   -DCHECK_FUNCTION_EXISTS=cheev_ -isysroot /Library/Developer/CommandLineTools/SDKs/MacOSX10.14.sdk   -o CMakeFiles/cmTC_07262.dir/CheckFunctionExists.c.o   -c /usr/local/Cellar/cmake/3.14.1/share/cmake/Modules/CheckFunctionExists.c
Linking C executable cmTC_07262
/usr/local/Cellar/cmake/3.14.1/bin/cmake -E cmake_link_script CMakeFiles/cmTC_07262.dir/link.txt --verbose=1
/Library/Developer/CommandLineTools/usr/bin/gcc -Wall -Wno-unused -Wunused-value -Wno-unknown-pragmas   -DCHECK_FUNCTION_EXISTS=cheev_ -isysroot /Library/Developer/CommandLineTools/SDKs/MacOSX10.14.sdk -Wl,-search_paths_first -Wl,-headerpad_max_install_names   CMakeFiles/cmTC_07262.dir/CheckFunctionExists.c.o  -o cmTC_07262 -framework Accelerate -framework Accelerate 


Performing C SOURCE FILE Test HAVE_DLOPEN succeeded with the following output:
Change Dir: /Users/kseniakorshunova/Documents/PhD_project/gromacs_4.6.5/gromacs-4.6.5/build_0/CMakeFiles/CMakeTmp

Run Build Command(s):/usr/bin/make cmTC_697b3/fast 
/Library/Developer/CommandLineTools/usr/bin/make -f CMakeFiles/cmTC_697b3.dir/build.make CMakeFiles/cmTC_697b3.dir/build
Building C object CMakeFiles/cmTC_697b3.dir/src.c.o
/Library/Developer/CommandLineTools/usr/bin/gcc  -I/Users/kseniakorshunova/Documents/PhD_project/gromacs_4.6.5/gromacs-4.6.5/build_0/CMakeFiles/CMakeTmp/dlfcn.h  -Wall -Wno-unused -Wunused-value -Wno-unknown-pragmas   -DHAVE_DLOPEN -isysroot /Library/Developer/CommandLineTools/SDKs/MacOSX10.14.sdk   -o CMakeFiles/cmTC_697b3.dir/src.c.o   -c /Users/kseniakorshunova/Documents/PhD_project/gromacs_4.6.5/gromacs-4.6.5/build_0/CMakeFiles/CMakeTmp/src.c
Linking C executable cmTC_697b3
/usr/local/Cellar/cmake/3.14.1/bin/cmake -E cmake_link_script CMakeFiles/cmTC_697b3.dir/link.txt --verbose=1
/Library/Developer/CommandLineTools/usr/bin/gcc -Wall -Wno-unused -Wunused-value -Wno-unknown-pragmas   -DHAVE_DLOPEN -isysroot /Library/Developer/CommandLineTools/SDKs/MacOSX10.14.sdk -Wl,-search_paths_first -Wl,-headerpad_max_install_names   CMakeFiles/cmTC_697b3.dir/src.c.o  -o cmTC_697b3 -ldl 

Source file was:
#include <dlfcn.h>
int main(void) {
  dlopen(0,0);
}
